This is pdfTeX, Version 3.141592653-2.6-1.40.25 (MiKTeX 24.1) (preloaded format=pdflatex 2026.5.9)  11 MAY 2026 15:25
entering extended mode
 restricted \write18 enabled.
 %&-line parsing enabled.
**./main.tex
(main.tex
LaTeX2e <2023-11-01> patch level 1
L3 programming layer <2024-01-04>

(C:\Users\catalin.butacu\AppData\Local\Programs\MiKTeX\tex/latex/base\article.c
ls
Document Class: article 2023/05/17 v1.4n Standard LaTeX document class

(C:\Users\catalin.butacu\AppData\Local\Programs\MiKTeX\tex/latex/base\size11.cl
o
File: size11.clo 2023/05/17 v1.4n Standard LaTeX file (size option)
)
\c@part=\count187
\c@section=\count188
\c@subsection=\count189
\c@subsubsection=\count190
\c@paragraph=\count191
\c@subparagraph=\count192
\c@figure=\count193
\c@table=\count194
\abovecaptionskip=\skip48
\belowcaptionskip=\skip49
\bibindent=\dimen140
) (preamble.tex
(C:\Users\catalin.butacu\AppData\Local\Programs\MiKTeX\tex/latex/base\inputenc.
sty
Package: inputenc 2021/02/14 v1.3d Input encoding file
\inpenc@prehook=\toks17
\inpenc@posthook=\toks18
)
(C:\Users\catalin.butacu\AppData\Local\Programs\MiKTeX\tex/latex/base\fontenc.s
ty
Package: fontenc 2021/04/29 v2.0v Standard LaTeX package
)
(C:\Users\catalin.butacu\AppData\Local\Programs\MiKTeX\tex/latex/lato\lato.sty
Package: lato 2019/06/20 Style file for Lato.

(C:\Users\catalin.butacu\AppData\Local\Programs\MiKTeX\tex/latex/fontaxes\fonta
xes.sty
Package: fontaxes 2026-01-02 v2.0.2 Font selection axes (deprecated)
Skipping: [2024-11-01] Use figureversions if present on input line 74.
Applying: [0000-00-00] Fall back to v1 on input line 76.

(C:\Users\catalin.butacu\AppData\Local\Programs\MiKTeX\tex/latex/fontaxes\fonta
xes-v1.sty
Package: fontaxes 2020/07/21 v1.0e Font selection axes
LaTeX Info: Redefining \upshape on input line 29.
LaTeX Info: Redefining \itshape on input line 31.
LaTeX Info: Redefining \slshape on input line 33.
LaTeX Info: Redefining \swshape on input line 35.
LaTeX Info: Redefining \scshape on input line 37.
LaTeX Info: Redefining \sscshape on input line 39.
LaTeX Info: Redefining \ulcshape on input line 41.
LaTeX Info: Redefining \textsw on input line 47.
LaTeX Info: Redefining \textssc on input line 48.
LaTeX Info: Redefining \textulc on input line 49.
))
(C:\Users\catalin.butacu\AppData\Local\Programs\MiKTeX\tex/generic/iftex\ifluat
ex.sty
Package: ifluatex 2019/10/25 v1.5 ifluatex legacy package. Use iftex instead.

(C:\Users\catalin.butacu\AppData\Local\Programs\MiKTeX\tex/generic/iftex\iftex.
sty
Package: iftex 2022/02/03 v1.0f TeX engine tests
))
(C:\Users\catalin.butacu\AppData\Local\Programs\MiKTeX\tex/generic/iftex\ifxete
x.sty
Package: ifxetex 2019/10/25 v0.7 ifxetex legacy package. Use iftex instead.
)
(C:\Users\catalin.butacu\AppData\Local\Programs\MiKTeX\tex/latex/xkeyval\xkeyva
l.sty
Package: xkeyval 2022/06/16 v2.9 package option processing (HA)

(C:\Users\catalin.butacu\AppData\Local\Programs\MiKTeX\tex/generic/xkeyval\xkey
val.tex
(C:\Users\catalin.butacu\AppData\Local\Programs\MiKTeX\tex/generic/xkeyval\xkvu
tils.tex
\XKV@toks=\toks19
\XKV@tempa@toks=\toks20

(C:\Users\catalin.butacu\AppData\Local\Programs\MiKTeX\tex/generic/xkeyval\keyv
al.tex))
\XKV@depth=\count195
File: xkeyval.tex 2014/12/03 v2.7a key=value parser (HA)
)))
(C:\Users\catalin.butacu\AppData\Local\Programs\MiKTeX\tex/generic/babel\babel.
sty
Package: babel 2024/01/07 v24.1 The Babel package
\babel@savecnt=\count196
\U@D=\dimen141
\l@unhyphenated=\language79

(C:\Users\catalin.butacu\AppData\Local\Programs\MiKTeX\tex/generic/babel\txtbab
el.def)
\bbl@readstream=\read2
\bbl@dirlevel=\count197

*************************************
* Local config file bblopts.cfg used
*

(C:\Users\catalin.butacu\AppData\Local\Programs\MiKTeX\tex/latex/arabi\bblopts.
cfg
File: bblopts.cfg 2005/09/08 v0.1 add Arabic and Farsi to "declared" options of
 babel
)
(C:\Users\catalin.butacu\AppData\Local\Programs\MiKTeX\tex/latex/babel-romanian
\romanian.ldf
Language: romanian 2021/04/04 v1.2m Romanian support from the babel system
))
(C:\Users\catalin.butacu\AppData\Local\Programs\MiKTeX\tex/generic/babel/locale
/ro\babel-romanian.tex
Package babel Info: Importing font and identification data for romanian
(babel)             from babel-ro.ini. Reported on input line 11.
)
(C:\Users\catalin.butacu\AppData\Local\Programs\MiKTeX\tex/latex/geometry\geome
try.sty
Package: geometry 2020/01/02 v5.9 Page Geometry

(C:\Users\catalin.butacu\AppData\Local\Programs\MiKTeX\tex/generic/iftex\ifvtex
.sty
Package: ifvtex 2019/10/25 v1.7 ifvtex legacy package. Use iftex instead.
)
\Gm@cnth=\count198
\Gm@cntv=\count199
\c@Gm@tempcnt=\count266
\Gm@bindingoffset=\dimen142
\Gm@wd@mp=\dimen143
\Gm@odd@mp=\dimen144
\Gm@even@mp=\dimen145
\Gm@layoutwidth=\dimen146
\Gm@layoutheight=\dimen147
\Gm@layouthoffset=\dimen148
\Gm@layoutvoffset=\dimen149
\Gm@dimlist=\toks21

(C:\Users\catalin.butacu\AppData\Local\Programs\MiKTeX\tex/latex/geometry\geome
try.cfg))
(C:\Users\catalin.butacu\AppData\Local\Programs\MiKTeX\tex/latex/microtype\micr
otype.sty
Package: microtype 2026/03/01 v3.2d Micro-typographical refinements (RS)

(C:\Users\catalin.butacu\AppData\Local\Programs\MiKTeX\tex/latex/etoolbox\etool
box.sty
Package: etoolbox 2020/10/05 v2.5k e-TeX tools for LaTeX (JAW)
\etb@tempcnta=\count267
)
\MT@toks=\toks22
\MT@tempbox=\box51
\MT@count=\count268
LaTeX Info: Redefining \noprotrusionifhmode on input line 1084.
LaTeX Info: Redefining \leftprotrusion on input line 1085.
\MT@prot@toks=\toks23
LaTeX Info: Redefining \rightprotrusion on input line 1104.
LaTeX Info: Redefining \textls on input line 1449.
\MT@outer@kern=\dimen150
LaTeX Info: Redefining \microtypecontext on input line 2053.
LaTeX Info: Redefining \textmicrotypecontext on input line 2070.
\MT@listname@count=\count269

(C:\Users\catalin.butacu\AppData\Local\Programs\MiKTeX\tex/latex/microtype\micr
otype-pdftex.def
File: microtype-pdftex.def 2026/03/01 v3.2d Definitions specific to pdftex (RS)

LaTeX Info: Redefining \lsstyle on input line 944.
LaTeX Info: Redefining \lslig on input line 944.
\MT@outer@space=\skip50
)
Package microtype Info: Loading configuration file microtype.cfg.

(C:\Users\catalin.butacu\AppData\Local\Programs\MiKTeX\tex/latex/microtype\micr
otype.cfg
File: microtype.cfg 2026/03/01 v3.2d microtype main configuration file (RS)
)
LaTeX Info: Redefining \microtypesetup on input line 3065.
)
(C:\Users\catalin.butacu\AppData\Local\Programs\MiKTeX\tex/latex/setspace\setsp
ace.sty
Package: setspace 2022/12/04 v6.7b set line spacing
)
(C:\Users\catalin.butacu\AppData\Local\Programs\MiKTeX\tex/latex/xcolor\xcolor.
sty
Package: xcolor 2023/11/15 v3.01 LaTeX color extensions (UK)

(C:\Users\catalin.butacu\AppData\Local\Programs\MiKTeX\tex/latex/graphics-cfg\c
olor.cfg
File: color.cfg 2016/01/02 v1.6 sample color configuration
)
Package xcolor Info: Driver file: pdftex.def on input line 274.

(C:\Users\catalin.butacu\AppData\Local\Programs\MiKTeX\tex/latex/graphics-def\p
dftex.def
File: pdftex.def 2022/09/22 v1.2b Graphics/color driver for pdftex
)
(C:\Users\catalin.butacu\AppData\Local\Programs\MiKTeX\tex/latex/graphics\mathc
olor.ltx)
Package xcolor Info: Model `cmy' substituted by `cmy0' on input line 1350.
Package xcolor Info: Model `hsb' substituted by `rgb' on input line 1354.
Package xcolor Info: Model `RGB' extended on input line 1366.
Package xcolor Info: Model `HTML' substituted by `rgb' on input line 1368.
Package xcolor Info: Model `Hsb' substituted by `hsb' on input line 1369.
Package xcolor Info: Model `tHsb' substituted by `hsb' on input line 1370.
Package xcolor Info: Model `HSB' substituted by `hsb' on input line 1371.
Package xcolor Info: Model `Gray' substituted by `gray' on input line 1372.
Package xcolor Info: Model `wave' substituted by `hsb' on input line 1373.
)
(C:\Users\catalin.butacu\AppData\Local\Programs\MiKTeX\tex/latex/amsfonts\amssy
mb.sty
Package: amssymb 2013/01/14 v3.01 AMS font symbols

(C:\Users\catalin.butacu\AppData\Local\Programs\MiKTeX\tex/latex/amsfonts\amsfo
nts.sty
Package: amsfonts 2013/01/14 v3.01 Basic AMSFonts support
\@emptytoks=\toks24
\symAMSa=\mathgroup4
\symAMSb=\mathgroup5
LaTeX Font Info:    Redeclaring math symbol \hbar on input line 98.
LaTeX Font Info:    Overwriting math alphabet `\mathfrak' in version `bold'
(Font)                  U/euf/m/n --> U/euf/b/n on input line 106.
))
(C:\Users\catalin.butacu\AppData\Local\Programs\MiKTeX\tex/latex/listings\listi
ngs.sty
\lst@mode=\count270
\lst@gtempboxa=\box52
\lst@token=\toks25
\lst@length=\count271
\lst@currlwidth=\dimen151
\lst@column=\count272
\lst@pos=\count273
\lst@lostspace=\dimen152
\lst@width=\dimen153
\lst@newlines=\count274
\lst@lineno=\count275
\lst@maxwidth=\dimen154

(C:\Users\catalin.butacu\AppData\Local\Programs\MiKTeX\tex/latex/listings\lstmi
sc.sty
File: lstmisc.sty 2023/02/27 1.9 (Carsten Heinz)
\c@lstnumber=\count276
\lst@skipnumbers=\count277
\lst@framebox=\box53
)
(C:\Users\catalin.butacu\AppData\Local\Programs\MiKTeX\tex/latex/listings\listi
ngs.cfg
File: listings.cfg 2023/02/27 1.9 listings configuration
))
Package: listings 2023/02/27 1.9 (Carsten Heinz)

(C:\Users\catalin.butacu\AppData\Local\Programs\MiKTeX\tex/latex/hyperref\hyper
ref.sty
Package: hyperref 2023-11-26 v7.01g Hypertext links for LaTeX

(C:\Users\catalin.butacu\AppData\Local\Programs\MiKTeX\tex/generic/infwarerr\in
fwarerr.sty
Package: infwarerr 2019/12/03 v1.5 Providing info/warning/error messages (HO)
)
(C:\Users\catalin.butacu\AppData\Local\Programs\MiKTeX\tex/latex/kvsetkeys\kvse
tkeys.sty
Package: kvsetkeys 2022-10-05 v1.19 Key value parser (HO)
)
(C:\Users\catalin.butacu\AppData\Local\Programs\MiKTeX\tex/generic/kvdefinekeys
\kvdefinekeys.sty
Package: kvdefinekeys 2019-12-19 v1.6 Define keys (HO)
)
(C:\Users\catalin.butacu\AppData\Local\Programs\MiKTeX\tex/generic/pdfescape\pd
fescape.sty
Package: pdfescape 2019/12/09 v1.15 Implements pdfTeX's escape features (HO)

(C:\Users\catalin.butacu\AppData\Local\Programs\MiKTeX\tex/generic/ltxcmds\ltxc
mds.sty
Package: ltxcmds 2023-12-04 v1.26 LaTeX kernel commands for general use (HO)
)
(C:\Users\catalin.butacu\AppData\Local\Programs\MiKTeX\tex/generic/pdftexcmds\p
dftexcmds.sty
Package: pdftexcmds 2020-06-27 v0.33 Utility functions of pdfTeX for LuaTeX (HO
)
Package pdftexcmds Info: \pdf@primitive is available.
Package pdftexcmds Info: \pdf@ifprimitive is available.
Package pdftexcmds Info: \pdfdraftmode found.
))
(C:\Users\catalin.butacu\AppData\Local\Programs\MiKTeX\tex/latex/hycolor\hycolo
r.sty
Package: hycolor 2020-01-27 v1.10 Color options for hyperref/bookmark (HO)
)
(C:\Users\catalin.butacu\AppData\Local\Programs\MiKTeX\tex/latex/letltxmacro\le
tltxmacro.sty
Package: letltxmacro 2019/12/03 v1.6 Let assignment for LaTeX macros (HO)
)
(C:\Users\catalin.butacu\AppData\Local\Programs\MiKTeX\tex/latex/auxhook\auxhoo
k.sty
Package: auxhook 2019-12-17 v1.6 Hooks for auxiliary files (HO)
)
(C:\Users\catalin.butacu\AppData\Local\Programs\MiKTeX\tex/latex/hyperref\namer
ef.sty
Package: nameref 2023-11-26 v2.56 Cross-referencing by name of section

(C:\Users\catalin.butacu\AppData\Local\Programs\MiKTeX\tex/latex/refcount\refco
unt.sty
Package: refcount 2019/12/15 v3.6 Data extraction from label references (HO)
)
(C:\Users\catalin.butacu\AppData\Local\Programs\MiKTeX\tex/generic/gettitlestri
ng\gettitlestring.sty
Package: gettitlestring 2019/12/15 v1.6 Cleanup title references (HO)

(C:\Users\catalin.butacu\AppData\Local\Programs\MiKTeX\tex/latex/kvoptions\kvop
tions.sty
Package: kvoptions 2022-06-15 v3.15 Key value format for package options (HO)
))
\c@section@level=\count278
)
\@linkdim=\dimen155
\Hy@linkcounter=\count279
\Hy@pagecounter=\count280

(C:\Users\catalin.butacu\AppData\Local\Programs\MiKTeX\tex/latex/hyperref\pd1en
c.def
File: pd1enc.def 2023-11-26 v7.01g Hyperref: PDFDocEncoding definition (HO)
Now handling font encoding PD1 ...
... no UTF-8 mapping file for font encoding PD1
)
(C:\Users\catalin.butacu\AppData\Local\Programs\MiKTeX\tex/generic/intcalc\intc
alc.sty
Package: intcalc 2019/12/15 v1.3 Expandable calculations with integers (HO)
)
\Hy@SavedSpaceFactor=\count281

(C:\Users\catalin.butacu\AppData\Local\Programs\MiKTeX\tex/latex/hyperref\puenc
.def
File: puenc.def 2023-11-26 v7.01g Hyperref: PDF Unicode definition (HO)
Now handling font encoding PU ...
... no UTF-8 mapping file for font encoding PU
)
Package hyperref Info: Hyper figures OFF on input line 4181.
Package hyperref Info: Link nesting OFF on input line 4186.
Package hyperref Info: Hyper index ON on input line 4189.
Package hyperref Info: Plain pages OFF on input line 4196.
Package hyperref Info: Backreferencing OFF on input line 4201.
Package hyperref Info: Implicit mode ON; LaTeX internals redefined.
Package hyperref Info: Bookmarks ON on input line 4448.
\c@Hy@tempcnt=\count282

(C:\Users\catalin.butacu\AppData\Local\Programs\MiKTeX\tex/latex/url\url.sty
\Urlmuskip=\muskip16
Package: url 2013/09/16  ver 3.4  Verb mode for urls, etc.
)
LaTeX Info: Redefining \url on input line 4786.
\XeTeXLinkMargin=\dimen156

(C:\Users\catalin.butacu\AppData\Local\Programs\MiKTeX\tex/generic/bitset\bitse
t.sty
Package: bitset 2019/12/09 v1.3 Handle bit-vector datatype (HO)

(C:\Users\catalin.butacu\AppData\Local\Programs\MiKTeX\tex/generic/bigintcalc\b
igintcalc.sty
Package: bigintcalc 2019/12/15 v1.5 Expandable calculations on big integers (HO
)
))
\Fld@menulength=\count283
\Field@Width=\dimen157
\Fld@charsize=\dimen158
Package hyperref Info: Hyper figures OFF on input line 6065.
Package hyperref Info: Link nesting OFF on input line 6070.
Package hyperref Info: Hyper index ON on input line 6073.
Package hyperref Info: backreferencing OFF on input line 6080.
Package hyperref Info: Link coloring OFF on input line 6085.
Package hyperref Info: Link coloring with OCG OFF on input line 6090.
Package hyperref Info: PDF/A mode OFF on input line 6095.

(C:\Users\catalin.butacu\AppData\Local\Programs\MiKTeX\tex/latex/base\atbegshi-
ltx.sty
Package: atbegshi-ltx 2021/01/10 v1.0c Emulation of the original atbegshi
package with kernel methods
)
\Hy@abspage=\count284
\c@Item=\count285
\c@Hfootnote=\count286
)
Package hyperref Info: Driver (autodetected): hpdftex.

(C:\Users\catalin.butacu\AppData\Local\Programs\MiKTeX\tex/latex/hyperref\hpdft
ex.def
File: hpdftex.def 2023-11-26 v7.01g Hyperref driver for pdfTeX

(C:\Users\catalin.butacu\AppData\Local\Programs\MiKTeX\tex/latex/base\atveryend
-ltx.sty
Package: atveryend-ltx 2020/08/19 v1.0a Emulation of the original atveryend pac
kage
with kernel methods
)
\Fld@listcount=\count287
\c@bookmark@seq@number=\count288

(C:\Users\catalin.butacu\AppData\Local\Programs\MiKTeX\tex/latex/rerunfilecheck
\rerunfilecheck.sty
Package: rerunfilecheck 2025-06-21 v1.11 Rerun checks for auxiliary files (HO)

(C:\Users\catalin.butacu\AppData\Local\Programs\MiKTeX\tex/generic/uniquecounte
r\uniquecounter.sty
Package: uniquecounter 2019/12/15 v1.4 Provide unlimited unique counter (HO)
)
Package uniquecounter Info: New unique counter `rerunfilecheck' on input line 2
84.
)
\Hy@SectionHShift=\skip51
)
(C:\Users\catalin.butacu\AppData\Local\Programs\MiKTeX\tex/latex/enumitem\enumi
tem.sty
Package: enumitem 2025/02/06 v3.11 Customized lists
\enitkv@toks@=\toks26
\labelindent=\skip52
\enit@outerparindent=\dimen159
\enit@toks=\toks27
\enit@inbox=\box54
\enit@count@id=\count289
\enitdp@description=\count290
)
(C:\Users\catalin.butacu\AppData\Local\Programs\MiKTeX\tex/latex/titlesec\title
sec.sty
Package: titlesec 2025/01/04 v2.17 Sectioning titles
\ttl@box=\box55
\beforetitleunit=\skip53
\aftertitleunit=\skip54
\ttl@plus=\dimen160
\ttl@minus=\dimen161
\ttl@toksa=\toks28
\titlewidth=\dimen162
\titlewidthlast=\dimen163
\titlewidthfirst=\dimen164
)
(C:\Users\catalin.butacu\AppData\Local\Programs\MiKTeX\tex/latex/fancyhdr\fancy
hdr.sty
Package: fancyhdr 2025/02/07 v5.2 Extensive control of page headers and footers

\f@nch@headwidth=\skip55
\f@nch@offset@elh=\skip56
\f@nch@offset@erh=\skip57
\f@nch@offset@olh=\skip58
\f@nch@offset@orh=\skip59
\f@nch@offset@elf=\skip60
\f@nch@offset@erf=\skip61
\f@nch@offset@olf=\skip62
\f@nch@offset@orf=\skip63
\f@nch@height=\skip64
\f@nch@footalignment=\skip65
\f@nch@widthL=\skip66
\f@nch@widthC=\skip67
\f@nch@widthR=\skip68
\@temptokenb=\toks29
)
(C:\Users\catalin.butacu\AppData\Local\Programs\MiKTeX\tex/latex/parskip\parski
p.sty
Package: parskip 2021-03-14 v2.0h non-zero parskip adjustments
)
(C:\Users\catalin.butacu\AppData\Local\Programs\MiKTeX\tex/latex/tcolorbox\tcol
orbox.sty
Package: tcolorbox 2024/01/10 version 6.2.0 text color boxes

(C:\Users\catalin.butacu\AppData\Local\Programs\MiKTeX\tex/latex/pgf/basiclayer
\pgf.sty
(C:\Users\catalin.butacu\AppData\Local\Programs\MiKTeX\tex/latex/pgf/utilities\
pgfrcs.sty
(C:\Users\catalin.butacu\AppData\Local\Programs\MiKTeX\tex/generic/pgf/utilitie
s\pgfutil-common.tex
\pgfutil@everybye=\toks30
\pgfutil@tempdima=\dimen165
\pgfutil@tempdimb=\dimen166
)
(C:\Users\catalin.butacu\AppData\Local\Programs\MiKTeX\tex/generic/pgf/utilitie
s\pgfutil-latex.def
\pgfutil@abb=\box56
)
(C:\Users\catalin.butacu\AppData\Local\Programs\MiKTeX\tex/generic/pgf/utilitie
s\pgfrcs.code.tex
(C:\Users\catalin.butacu\AppData\Local\Programs\MiKTeX\tex/generic/pgf\pgf.revi
sion.tex)
Package: pgfrcs 2023-01-15 v3.1.10 (3.1.10)
))
Package: pgf 2023-01-15 v3.1.10 (3.1.10)

(C:\Users\catalin.butacu\AppData\Local\Programs\MiKTeX\tex/latex/pgf/basiclayer
\pgfcore.sty
(C:\Users\catalin.butacu\AppData\Local\Programs\MiKTeX\tex/latex/graphics\graph
icx.sty
Package: graphicx 2021/09/16 v1.2d Enhanced LaTeX Graphics (DPC,SPQR)

(C:\Users\catalin.butacu\AppData\Local\Programs\MiKTeX\tex/latex/graphics\graph
ics.sty
Package: graphics 2022/03/10 v1.4e Standard LaTeX Graphics (DPC,SPQR)

(C:\Users\catalin.butacu\AppData\Local\Programs\MiKTeX\tex/latex/graphics\trig.
sty
Package: trig 2021/08/11 v1.11 sin cos tan (DPC)
)
(C:\Users\catalin.butacu\AppData\Local\Programs\MiKTeX\tex/latex/graphics-cfg\g
raphics.cfg
File: graphics.cfg 2016/06/04 v1.11 sample graphics configuration
)
Package graphics Info: Driver file: pdftex.def on input line 107.
)
\Gin@req@height=\dimen167
\Gin@req@width=\dimen168
)
(C:\Users\catalin.butacu\AppData\Local\Programs\MiKTeX\tex/latex/pgf/systemlaye
r\pgfsys.sty
(C:\Users\catalin.butacu\AppData\Local\Programs\MiKTeX\tex/generic/pgf/systemla
yer\pgfsys.code.tex
Package: pgfsys 2023-01-15 v3.1.10 (3.1.10)

(C:\Users\catalin.butacu\AppData\Local\Programs\MiKTeX\tex/generic/pgf/utilitie
s\pgfkeys.code.tex
\pgfkeys@pathtoks=\toks31
\pgfkeys@temptoks=\toks32

(C:\Users\catalin.butacu\AppData\Local\Programs\MiKTeX\tex/generic/pgf/utilitie
s\pgfkeyslibraryfiltered.code.tex
\pgfkeys@tmptoks=\toks33
))
\pgf@x=\dimen169
\pgf@y=\dimen170
\pgf@xa=\dimen171
\pgf@ya=\dimen172
\pgf@xb=\dimen173
\pgf@yb=\dimen174
\pgf@xc=\dimen175
\pgf@yc=\dimen176
\pgf@xd=\dimen177
\pgf@yd=\dimen178
\w@pgf@writea=\write3
\r@pgf@reada=\read3
\c@pgf@counta=\count291
\c@pgf@countb=\count292
\c@pgf@countc=\count293
\c@pgf@countd=\count294
\t@pgf@toka=\toks34
\t@pgf@tokb=\toks35
\t@pgf@tokc=\toks36
\pgf@sys@id@count=\count295

(C:\Users\catalin.butacu\AppData\Local\Programs\MiKTeX\tex/generic/pgf/systemla
yer\pgf.cfg
File: pgf.cfg 2023-01-15 v3.1.10 (3.1.10)
)
Driver file for pgf: pgfsys-pdftex.def

(C:\Users\catalin.butacu\AppData\Local\Programs\MiKTeX\tex/generic/pgf/systemla
yer\pgfsys-pdftex.def
File: pgfsys-pdftex.def 2023-01-15 v3.1.10 (3.1.10)

(C:\Users\catalin.butacu\AppData\Local\Programs\MiKTeX\tex/generic/pgf/systemla
yer\pgfsys-common-pdf.def
File: pgfsys-common-pdf.def 2023-01-15 v3.1.10 (3.1.10)
)))
(C:\Users\catalin.butacu\AppData\Local\Programs\MiKTeX\tex/generic/pgf/systemla
yer\pgfsyssoftpath.code.tex
File: pgfsyssoftpath.code.tex 2023-01-15 v3.1.10 (3.1.10)
\pgfsyssoftpath@smallbuffer@items=\count296
\pgfsyssoftpath@bigbuffer@items=\count297
)
(C:\Users\catalin.butacu\AppData\Local\Programs\MiKTeX\tex/generic/pgf/systemla
yer\pgfsysprotocol.code.tex
File: pgfsysprotocol.code.tex 2023-01-15 v3.1.10 (3.1.10)
))
(C:\Users\catalin.butacu\AppData\Local\Programs\MiKTeX\tex/generic/pgf/basiclay
er\pgfcore.code.tex
Package: pgfcore 2023-01-15 v3.1.10 (3.1.10)

(C:\Users\catalin.butacu\AppData\Local\Programs\MiKTeX\tex/generic/pgf/math\pgf
math.code.tex
(C:\Users\catalin.butacu\AppData\Local\Programs\MiKTeX\tex/generic/pgf/math\pgf
mathutil.code.tex)
(C:\Users\catalin.butacu\AppData\Local\Programs\MiKTeX\tex/generic/pgf/math\pgf
mathparser.code.tex
\pgfmath@dimen=\dimen179
\pgfmath@count=\count298
\pgfmath@box=\box57
\pgfmath@toks=\toks37
\pgfmath@stack@operand=\toks38
\pgfmath@stack@operation=\toks39
)
(C:\Users\catalin.butacu\AppData\Local\Programs\MiKTeX\tex/generic/pgf/math\pgf
mathfunctions.code.tex)
(C:\Users\catalin.butacu\AppData\Local\Programs\MiKTeX\tex/generic/pgf/math\pgf
mathfunctions.basic.code.tex)
(C:\Users\catalin.butacu\AppData\Local\Programs\MiKTeX\tex/generic/pgf/math\pgf
mathfunctions.trigonometric.code.tex)
(C:\Users\catalin.butacu\AppData\Local\Programs\MiKTeX\tex/generic/pgf/math\pgf
mathfunctions.random.code.tex)
(C:\Users\catalin.butacu\AppData\Local\Programs\MiKTeX\tex/generic/pgf/math\pgf
mathfunctions.comparison.code.tex)
(C:\Users\catalin.butacu\AppData\Local\Programs\MiKTeX\tex/generic/pgf/math\pgf
mathfunctions.base.code.tex)
(C:\Users\catalin.butacu\AppData\Local\Programs\MiKTeX\tex/generic/pgf/math\pgf
mathfunctions.round.code.tex)
(C:\Users\catalin.butacu\AppData\Local\Programs\MiKTeX\tex/generic/pgf/math\pgf
mathfunctions.misc.code.tex)
(C:\Users\catalin.butacu\AppData\Local\Programs\MiKTeX\tex/generic/pgf/math\pgf
mathfunctions.integerarithmetics.code.tex)
(C:\Users\catalin.butacu\AppData\Local\Programs\MiKTeX\tex/generic/pgf/math\pgf
mathcalc.code.tex)
(C:\Users\catalin.butacu\AppData\Local\Programs\MiKTeX\tex/generic/pgf/math\pgf
mathfloat.code.tex
\c@pgfmathroundto@lastzeros=\count299
))
(C:\Users\catalin.butacu\AppData\Local\Programs\MiKTeX\tex/generic/pgf/math\pgf
int.code.tex)
(C:\Users\catalin.butacu\AppData\Local\Programs\MiKTeX\tex/generic/pgf/basiclay
er\pgfcorepoints.code.tex
File: pgfcorepoints.code.tex 2023-01-15 v3.1.10 (3.1.10)
\pgf@picminx=\dimen180
\pgf@picmaxx=\dimen181
\pgf@picminy=\dimen182
\pgf@picmaxy=\dimen183
\pgf@pathminx=\dimen184
\pgf@pathmaxx=\dimen185
\pgf@pathminy=\dimen186
\pgf@pathmaxy=\dimen187
\pgf@xx=\dimen188
\pgf@xy=\dimen189
\pgf@yx=\dimen190
\pgf@yy=\dimen191
\pgf@zx=\dimen192
\pgf@zy=\dimen193
)
(C:\Users\catalin.butacu\AppData\Local\Programs\MiKTeX\tex/generic/pgf/basiclay
er\pgfcorepathconstruct.code.tex
File: pgfcorepathconstruct.code.tex 2023-01-15 v3.1.10 (3.1.10)
\pgf@path@lastx=\dimen194
\pgf@path@lasty=\dimen195
)
(C:\Users\catalin.butacu\AppData\Local\Programs\MiKTeX\tex/generic/pgf/basiclay
er\pgfcorepathusage.code.tex
File: pgfcorepathusage.code.tex 2023-01-15 v3.1.10 (3.1.10)
\pgf@shorten@end@additional=\dimen196
\pgf@shorten@start@additional=\dimen197
)
(C:\Users\catalin.butacu\AppData\Local\Programs\MiKTeX\tex/generic/pgf/basiclay
er\pgfcorescopes.code.tex
File: pgfcorescopes.code.tex 2023-01-15 v3.1.10 (3.1.10)
\pgfpic=\box58
\pgf@hbox=\box59
\pgf@layerbox@main=\box60
\pgf@picture@serial@count=\count300
)
(C:\Users\catalin.butacu\AppData\Local\Programs\MiKTeX\tex/generic/pgf/basiclay
er\pgfcoregraphicstate.code.tex
File: pgfcoregraphicstate.code.tex 2023-01-15 v3.1.10 (3.1.10)
\pgflinewidth=\dimen198
)
(C:\Users\catalin.butacu\AppData\Local\Programs\MiKTeX\tex/generic/pgf/basiclay
er\pgfcoretransformations.code.tex
File: pgfcoretransformations.code.tex 2023-01-15 v3.1.10 (3.1.10)
\pgf@pt@x=\dimen199
\pgf@pt@y=\dimen256
\pgf@pt@temp=\dimen257
)
(C:\Users\catalin.butacu\AppData\Local\Programs\MiKTeX\tex/generic/pgf/basiclay
er\pgfcorequick.code.tex
File: pgfcorequick.code.tex 2023-01-15 v3.1.10 (3.1.10)
)
(C:\Users\catalin.butacu\AppData\Local\Programs\MiKTeX\tex/generic/pgf/basiclay
er\pgfcoreobjects.code.tex
File: pgfcoreobjects.code.tex 2023-01-15 v3.1.10 (3.1.10)
)
(C:\Users\catalin.butacu\AppData\Local\Programs\MiKTeX\tex/generic/pgf/basiclay
er\pgfcorepathprocessing.code.tex
File: pgfcorepathprocessing.code.tex 2023-01-15 v3.1.10 (3.1.10)
)
(C:\Users\catalin.butacu\AppData\Local\Programs\MiKTeX\tex/generic/pgf/basiclay
er\pgfcorearrows.code.tex
File: pgfcorearrows.code.tex 2023-01-15 v3.1.10 (3.1.10)
\pgfarrowsep=\dimen258
)
(C:\Users\catalin.butacu\AppData\Local\Programs\MiKTeX\tex/generic/pgf/basiclay
er\pgfcoreshade.code.tex
File: pgfcoreshade.code.tex 2023-01-15 v3.1.10 (3.1.10)
\pgf@max=\dimen259
\pgf@sys@shading@range@num=\count301
\pgf@shadingcount=\count302
)
(C:\Users\catalin.butacu\AppData\Local\Programs\MiKTeX\tex/generic/pgf/basiclay
er\pgfcoreimage.code.tex
File: pgfcoreimage.code.tex 2023-01-15 v3.1.10 (3.1.10)
)
(C:\Users\catalin.butacu\AppData\Local\Programs\MiKTeX\tex/generic/pgf/basiclay
er\pgfcoreexternal.code.tex
File: pgfcoreexternal.code.tex 2023-01-15 v3.1.10 (3.1.10)
\pgfexternal@startupbox=\box61
)
(C:\Users\catalin.butacu\AppData\Local\Programs\MiKTeX\tex/generic/pgf/basiclay
er\pgfcorelayers.code.tex
File: pgfcorelayers.code.tex 2023-01-15 v3.1.10 (3.1.10)
)
(C:\Users\catalin.butacu\AppData\Local\Programs\MiKTeX\tex/generic/pgf/basiclay
er\pgfcoretransparency.code.tex
File: pgfcoretransparency.code.tex 2023-01-15 v3.1.10 (3.1.10)
)
(C:\Users\catalin.butacu\AppData\Local\Programs\MiKTeX\tex/generic/pgf/basiclay
er\pgfcorepatterns.code.tex
File: pgfcorepatterns.code.tex 2023-01-15 v3.1.10 (3.1.10)
)
(C:\Users\catalin.butacu\AppData\Local\Programs\MiKTeX\tex/generic/pgf/basiclay
er\pgfcorerdf.code.tex
File: pgfcorerdf.code.tex 2023-01-15 v3.1.10 (3.1.10)
)))
(C:\Users\catalin.butacu\AppData\Local\Programs\MiKTeX\tex/generic/pgf/modules\
pgfmoduleshapes.code.tex
File: pgfmoduleshapes.code.tex 2023-01-15 v3.1.10 (3.1.10)
\pgfnodeparttextbox=\box62
)
(C:\Users\catalin.butacu\AppData\Local\Programs\MiKTeX\tex/generic/pgf/modules\
pgfmoduleplot.code.tex
File: pgfmoduleplot.code.tex 2023-01-15 v3.1.10 (3.1.10)
)
(C:\Users\catalin.butacu\AppData\Local\Programs\MiKTeX\tex/latex/pgf/compatibil
ity\pgfcomp-version-0-65.sty
Package: pgfcomp-version-0-65 2023-01-15 v3.1.10 (3.1.10)
\pgf@nodesepstart=\dimen260
\pgf@nodesepend=\dimen261
)
(C:\Users\catalin.butacu\AppData\Local\Programs\MiKTeX\tex/latex/pgf/compatibil
ity\pgfcomp-version-1-18.sty
Package: pgfcomp-version-1-18 2023-01-15 v3.1.10 (3.1.10)
))
(C:\Users\catalin.butacu\AppData\Local\Programs\MiKTeX\tex/latex/tools\verbatim
.sty
Package: verbatim 2023-11-06 v1.5v LaTeX2e package for verbatim enhancements
\every@verbatim=\toks40
\verbatim@line=\toks41
\verbatim@in@stream=\read4
)
(C:\Users\catalin.butacu\AppData\Local\Programs\MiKTeX\tex/latex/environ\enviro
n.sty
Package: environ 2014/05/04 v0.3 A new way to define environments

(C:\Users\catalin.butacu\AppData\Local\Programs\MiKTeX\tex/latex/trimspaces\tri
mspaces.sty
Package: trimspaces 2009/09/17 v1.1 Trim spaces around a token list
)
\@envbody=\toks42
)
\tcb@titlebox=\box63
\tcb@upperbox=\box64
\tcb@lowerbox=\box65
\tcb@phantombox=\box66
\c@tcbbreakpart=\count303
\c@tcblayer=\count304
\c@tcolorbox@number=\count305
\l__tcobox_tmpa_box=\box67
\l__tcobox_tmpa_dim=\dimen262
\tcb@temp=\box68
\tcb@temp=\box69
\tcb@temp=\box70
\tcb@temp=\box71

(C:\Users\catalin.butacu\AppData\Local\Programs\MiKTeX\tex/latex/tcolorbox\tcbr
aster.code.tex
Library (tcolorbox): 'tcbraster.code.tex' version '6.2.0'
\c@tcbrastercolumn=\count306
\c@tcbrasterrow=\count307
\c@tcbrasternum=\count308
\c@tcbraster=\count309
)
(C:\Users\catalin.butacu\AppData\Local\Programs\MiKTeX\tex/latex/tcolorbox\tcbs
kins.code.tex
Library (tcolorbox): 'tcbskins.code.tex' version '6.2.0'

(C:\Users\catalin.butacu\AppData\Local\Programs\MiKTeX\tex/latex/pgf/frontendla
yer\tikz.sty
(C:\Users\catalin.butacu\AppData\Local\Programs\MiKTeX\tex/latex/pgf/utilities\
pgffor.sty
(C:\Users\catalin.butacu\AppData\Local\Programs\MiKTeX\tex/latex/pgf/utilities\
pgfkeys.sty
(C:\Users\catalin.butacu\AppData\Local\Programs\MiKTeX\tex/generic/pgf/utilitie
s\pgfkeys.code.tex))
(C:\Users\catalin.butacu\AppData\Local\Programs\MiKTeX\tex/latex/pgf/math\pgfma
th.sty
(C:\Users\catalin.butacu\AppData\Local\Programs\MiKTeX\tex/generic/pgf/math\pgf
math.code.tex))
(C:\Users\catalin.butacu\AppData\Local\Programs\MiKTeX\tex/generic/pgf/utilitie
s\pgffor.code.tex
Package: pgffor 2023-01-15 v3.1.10 (3.1.10)
\pgffor@iter=\dimen263
\pgffor@skip=\dimen264
\pgffor@stack=\toks43
\pgffor@toks=\toks44
))
(C:\Users\catalin.butacu\AppData\Local\Programs\MiKTeX\tex/generic/pgf/frontend
layer/tikz\tikz.code.tex
Package: tikz 2023-01-15 v3.1.10 (3.1.10)

(C:\Users\catalin.butacu\AppData\Local\Programs\MiKTeX\tex/generic/pgf/librarie
s\pgflibraryplothandlers.code.tex
File: pgflibraryplothandlers.code.tex 2023-01-15 v3.1.10 (3.1.10)
\pgf@plot@mark@count=\count310
\pgfplotmarksize=\dimen265
)
\tikz@lastx=\dimen266
\tikz@lasty=\dimen267
\tikz@lastxsaved=\dimen268
\tikz@lastysaved=\dimen269
\tikz@lastmovetox=\dimen270
\tikz@lastmovetoy=\dimen271
\tikzleveldistance=\dimen272
\tikzsiblingdistance=\dimen273
\tikz@figbox=\box72
\tikz@figbox@bg=\box73
\tikz@tempbox=\box74
\tikz@tempbox@bg=\box75
\tikztreelevel=\count311
\tikznumberofchildren=\count312
\tikznumberofcurrentchild=\count313
\tikz@fig@count=\count314

(C:\Users\catalin.butacu\AppData\Local\Programs\MiKTeX\tex/generic/pgf/modules\
pgfmodulematrix.code.tex
File: pgfmodulematrix.code.tex 2023-01-15 v3.1.10 (3.1.10)
\pgfmatrixcurrentrow=\count315
\pgfmatrixcurrentcolumn=\count316
\pgf@matrix@numberofcolumns=\count317
)
\tikz@expandcount=\count318

(C:\Users\catalin.butacu\AppData\Local\Programs\MiKTeX\tex/generic/pgf/frontend
layer/tikz/libraries\tikzlibrarytopaths.code.tex
File: tikzlibrarytopaths.code.tex 2023-01-15 v3.1.10 (3.1.10)
)))
(C:\Users\catalin.butacu\AppData\Local\Programs\MiKTeX\tex/latex/tikzfill\tikzf
ill.image.sty
Package: tikzfill.image 2026/04/23 v1.2.0 Image filling library for TikZ

(C:\Users\catalin.butacu\AppData\Local\Programs\MiKTeX\tex/latex/tikzfill\tikzl
ibraryfill.image.code.tex
File: tikzlibraryfill.image.code.tex 2026/04/23 v1.2.0 Image filling library
\l__tikzfill_tmpa_dim=\dimen274
\l__tikzfill_tmpb_dim=\dimen275
\l__tikzfill_img_box=\box76
))
(C:\Users\catalin.butacu\AppData\Local\Programs\MiKTeX\tex/latex/tcolorbox\tcbs
kinsjigsaw.code.tex
Library (tcolorbox): 'tcbskinsjigsaw.code.tex' version '6.2.0'
))
(C:\Users\catalin.butacu\AppData\Local\Programs\MiKTeX\tex/latex/tcolorbox\tcbb
reakable.code.tex
Library (tcolorbox): 'tcbbreakable.code.tex' version '6.2.0'

(C:\Users\catalin.butacu\AppData\Local\Programs\MiKTeX\tex/latex/pdfcol\pdfcol.
sty
Package: pdfcol 2022-09-21 v1.7 Handle new color stacks for pdfTeX (HO)
)
Package pdfcol Info: New color stack `tcb@breakable' = 1 on input line 23.
\tcb@testbox=\box77
\tcb@totalupperbox=\box78
\tcb@totallowerbox=\box79
)
(C:\Users\catalin.butacu\AppData\Local\Programs\MiKTeX\tex/latex/tcolorbox\tcbh
ooks.code.tex
Library (tcolorbox): 'tcbhooks.code.tex' version '6.2.0'
)
(C:\Users\catalin.butacu\AppData\Local\Programs\MiKTeX\tex/latex/tcolorbox\tcbt
heorems.code.tex
Library (tcolorbox): 'tcbtheorems.code.tex' version '6.2.0'

(C:\Users\catalin.butacu\AppData\Local\Programs\MiKTeX\tex/latex/amsmath\amsmat
h.sty
Package: amsmath 2023/05/13 v2.17o AMS math features
\@mathmargin=\skip69

For additional information on amsmath, use the `?' option.

(C:\Users\catalin.butacu\AppData\Local\Programs\MiKTeX\tex/latex/amsmath\amstex
t.sty
Package: amstext 2021/08/26 v2.01 AMS text

(C:\Users\catalin.butacu\AppData\Local\Programs\MiKTeX\tex/latex/amsmath\amsgen
.sty
File: amsgen.sty 1999/11/30 v2.0 generic functions
\@emptytoks=\toks45
\ex@=\dimen276
))
(C:\Users\catalin.butacu\AppData\Local\Programs\MiKTeX\tex/latex/amsmath\amsbsy
.sty
Package: amsbsy 1999/11/29 v1.2d Bold Symbols
\pmbraise@=\dimen277
)
(C:\Users\catalin.butacu\AppData\Local\Programs\MiKTeX\tex/latex/amsmath\amsopn
.sty
Package: amsopn 2022/04/08 v2.04 operator names
)
\inf@bad=\count319
LaTeX Info: Redefining \frac on input line 234.
\uproot@=\count320
\leftroot@=\count321
LaTeX Info: Redefining \overline on input line 399.
LaTeX Info: Redefining \colon on input line 410.
\classnum@=\count322
\DOTSCASE@=\count323
LaTeX Info: Redefining \ldots on input line 496.
LaTeX Info: Redefining \dots on input line 499.
LaTeX Info: Redefining \cdots on input line 620.
\Mathstrutbox@=\box80
\strutbox@=\box81
LaTeX Info: Redefining \big on input line 722.
LaTeX Info: Redefining \Big on input line 723.
LaTeX Info: Redefining \bigg on input line 724.
LaTeX Info: Redefining \Bigg on input line 725.
\big@size=\dimen278
LaTeX Font Info:    Redeclaring font encoding OML on input line 743.
LaTeX Font Info:    Redeclaring font encoding OMS on input line 744.
\macc@depth=\count324
LaTeX Info: Redefining \bmod on input line 905.
LaTeX Info: Redefining \pmod on input line 910.
LaTeX Info: Redefining \smash on input line 940.
LaTeX Info: Redefining \relbar on input line 970.
LaTeX Info: Redefining \Relbar on input line 971.
\c@MaxMatrixCols=\count325
\dotsspace@=\muskip17
\c@parentequation=\count326
\dspbrk@lvl=\count327
\tag@help=\toks46
\row@=\count328
\column@=\count329
\maxfields@=\count330
\andhelp@=\toks47
\eqnshift@=\dimen279
\alignsep@=\dimen280
\tagshift@=\dimen281
\tagwidth@=\dimen282
\totwidth@=\dimen283
\lineht@=\dimen284
\@envbody=\toks48
\multlinegap=\skip70
\multlinetaggap=\skip71
\mathdisplay@stack=\toks49
LaTeX Info: Redefining \[ on input line 2953.
LaTeX Info: Redefining \] on input line 2954.
))
(C:\Users\catalin.butacu\AppData\Local\Programs\MiKTeX\tex/latex/tcolorbox\tcbf
itting.code.tex
Library (tcolorbox): 'tcbfitting.code.tex' version '6.2.0'
\tcbfitdim=\dimen285
\tcb@lowerfitdim=\dimen286
\tcb@upperfitdim=\dimen287
\tcb@cur@hbadness=\count331
)
(C:\Users\catalin.butacu\AppData\Local\Programs\MiKTeX\tex/latex/tcolorbox\tcbl
istingsutf8.code.tex
Library (tcolorbox): 'tcblistingsutf8.code.tex' version '6.2.0'

(C:\Users\catalin.butacu\AppData\Local\Programs\MiKTeX\tex/latex/tcolorbox\tcbl
istings.code.tex
Library (tcolorbox): 'tcblistings.code.tex' version '6.2.0'

(C:\Users\catalin.butacu\AppData\Local\Programs\MiKTeX\tex/latex/tcolorbox\tcbl
istingscore.code.tex
Library (tcolorbox): 'tcblistingscore.code.tex' version '6.2.0'

(C:\Users\catalin.butacu\AppData\Local\Programs\MiKTeX\tex/latex/tcolorbox\tcbp
rocessing.code.tex
Library (tcolorbox): 'tcbprocessing.code.tex' version '6.2.0'
)
\c@tcblisting=\count332
))
(C:\Users\catalin.butacu\AppData\Local\Programs\MiKTeX\tex/latex/listingsutf8\l
istingsutf8.sty
Package: listingsutf8 2019-12-10 v1.5 Allow UTF-8 in listings input (HO)

(C:\Users\catalin.butacu\AppData\Local\Programs\MiKTeX\tex/generic/stringenc\st
ringenc.sty
Package: stringenc 2019/11/29 v1.12 Convert strings between diff. encodings (HO
)
)))
(C:\Users\catalin.butacu\AppData\Local\Programs\MiKTeX\tex/latex/tcolorbox\tcbe
xternal.code.tex
Library (tcolorbox): 'tcbexternal.code.tex' version '6.2.0'
)
(C:\Users\catalin.butacu\AppData\Local\Programs\MiKTeX\tex/latex/tcolorbox\tcbm
agazine.code.tex
Library (tcolorbox): 'tcbmagazine.code.tex' version '6.2.0'
)
(C:\Users\catalin.butacu\AppData\Local\Programs\MiKTeX\tex/latex/tcolorbox\tcbv
ignette.code.tex
Library (tcolorbox): 'tcbvignette.code.tex' version '6.2.0'

(C:\Users\catalin.butacu\AppData\Local\Programs\MiKTeX\tex/generic/pgf/frontend
layer/tikz/libraries\tikzlibraryfadings.code.tex
File: tikzlibraryfadings.code.tex 2023-01-15 v3.1.10 (3.1.10)

(C:\Users\catalin.butacu\AppData\Local\Programs\MiKTeX\tex/generic/pgf/librarie
s\pgflibraryfadings.code.tex
File: pgflibraryfadings.code.tex 2023-01-15 v3.1.10 (3.1.10)
)))
(C:\Users\catalin.butacu\AppData\Local\Programs\MiKTeX\tex/latex/tcolorbox\tcbp
oster.code.tex
Library (tcolorbox): 'tcbposter.code.tex' version '6.2.0'
))
(C:\Users\catalin.butacu\AppData\Local\Programs\MiKTeX\tex/latex/tocloft\toclof
t.sty
Package: tocloft 2017/08/31 v2.3i parameterised ToC, etc., typesetting
Package tocloft Info: The document has section divisions on input line 51.
\cftparskip=\skip72
\cftbeforetoctitleskip=\skip73
\cftaftertoctitleskip=\skip74
\cftbeforepartskip=\skip75
\cftpartnumwidth=\skip76
\cftpartindent=\skip77
\cftbeforesecskip=\skip78
\cftsecindent=\skip79
\cftsecnumwidth=\skip80
\cftbeforesubsecskip=\skip81
\cftsubsecindent=\skip82
\cftsubsecnumwidth=\skip83
\cftbeforesubsubsecskip=\skip84
\cftsubsubsecindent=\skip85
\cftsubsubsecnumwidth=\skip86
\cftbeforeparaskip=\skip87
\cftparaindent=\skip88
\cftparanumwidth=\skip89
\cftbeforesubparaskip=\skip90
\cftsubparaindent=\skip91
\cftsubparanumwidth=\skip92
\cftbeforeloftitleskip=\skip93
\cftafterloftitleskip=\skip94
\cftbeforefigskip=\skip95
\cftfigindent=\skip96
\cftfignumwidth=\skip97
\c@lofdepth=\count333
\c@lotdepth=\count334
\cftbeforelottitleskip=\skip98
\cftafterlottitleskip=\skip99
\cftbeforetabskip=\skip100
\cfttabindent=\skip101
\cfttabnumwidth=\skip102


Package tocloft Warning: \@starttoc has already been redefined; tocloft bailing
 out. on input line 1156.

)
(C:\Users\catalin.butacu\AppData\Local\Programs\MiKTeX\tex/latex/fontawesome5\f
ontawesome5.sty
(C:\Users\catalin.butacu\AppData\Local\Programs\MiKTeX\tex/latex/l3kernel\expl3
.sty
Package: expl3 2024-01-04 L3 programming layer (loader) 

(C:\Users\catalin.butacu\AppData\Local\Programs\MiKTeX\tex/latex/l3backend\l3ba
ckend-pdftex.def
File: l3backend-pdftex.def 2024-01-04 L3 backend support: PDF output (pdfTeX)
\l__color_backend_stack_int=\count335
\l__pdf_internal_box=\box82
))
Package: fontawesome5 2022/05/02 v5.15.4 Font Awesome 5

(C:\Users\catalin.butacu\AppData\Local\Programs\MiKTeX\tex/latex/l3packages/l3k
eys2e\l3keys2e.sty
Package: l3keys2e 2023-10-10 LaTeX2e option processing using LaTeX3 keys
)
(C:\Users\catalin.butacu\AppData\Local\Programs\MiKTeX\tex/latex/l3packages/xpa
rse\xparse.sty
Package: xparse 2023-10-10 L3 Experimental document command parser
)
(C:\Users\catalin.butacu\AppData\Local\Programs\MiKTeX\tex/latex/fontawesome5\f
ontawesome5-generic-helper.sty
Package: fontawesome5-generic-helper 2022/05/02 v5.15.4 non-uTeX helper for fon
tawesome5

(C:\Users\catalin.butacu\AppData\Local\Programs\MiKTeX\tex/latex/fontawesome5\f
ontawesome5-mapping.def)))
(C:\Users\catalin.butacu\AppData\Local\Programs\MiKTeX\tex/latex/lettrine\lettr
ine.sty
File: lettrine.sty 2025-12-06 v2.83 (Daniel Flipo)
\c@DefaultLines=\count336
\c@DefaultDepth=\count337
\DefaultFindent=\dimen288
\DefaultNindent=\dimen289
\DefaultSlope=\dimen290
\DiscardVskip=\dimen291
\L@lbox=\box83
\c@L@lines=\count338
\c@L@depth=\count339
\L@Pindent=\dimen292
\L@Findent=\dimen293
\L@Nindent=\dimen294
\L@lraise=\dimen295
\L@first=\dimen296
\L@next=\dimen297
\L@slope=\dimen298
\L@height=\dimen299
\L@novskip=\dimen300
\L@target@ht=\dimen301
\L@target@dp=\dimen302
\L@target@tht=\dimen303
\LettrineWidth=\dimen304
\LettrineHeight=\dimen305
\LettrineDepth=\dimen306
\L@finalht=\dimen307
\L@finaldp=\dimen308

Loading lettrine.cfg

(C:\Users\catalin.butacu\AppData\Local\Programs\MiKTeX\tex/latex/lettrine\lettr
ine.cfg)
\Lettrine@tweaks=\toks50
\Llist@everypar=\toks51
)
(C:\Users\catalin.butacu\AppData\Local\Programs\MiKTeX\tex/latex/pgf-blur\tikzl
ibraryshadows.blur.code.tex  v1.02, 2012/12/09
(C:\Users\catalin.butacu\AppData\Local\Programs\MiKTeX\tex/generic/pgf/frontend
layer/tikz/libraries\tikzlibraryshadows.code.tex
File: tikzlibraryshadows.code.tex 2023-01-15 v3.1.10 (3.1.10)
)
(C:\Users\catalin.butacu\AppData\Local\Programs\MiKTeX\tex/generic/pgf/frontend
layer/tikz/libraries\tikzlibrarycalc.code.tex
File: tikzlibrarycalc.code.tex 2023-01-15 v3.1.10 (3.1.10)
)
\pgfbs@fading@count=\count340
)
(C:\Users\catalin.butacu\AppData\Local\Programs\MiKTeX\tex/generic/pgf/frontend
layer/tikz/libraries\tikzlibraryshapes.geometric.code.tex
File: tikzlibraryshapes.geometric.code.tex 2023-01-15 v3.1.10 (3.1.10)

(C:\Users\catalin.butacu\AppData\Local\Programs\MiKTeX\tex/generic/pgf/librarie
s/shapes\pgflibraryshapes.geometric.code.tex
File: pgflibraryshapes.geometric.code.tex 2023-01-15 v3.1.10 (3.1.10)
))
(C:\Users\catalin.butacu\AppData\Local\Programs\MiKTeX\tex/generic/pgf/frontend
layer/tikz/libraries\tikzlibrarypositioning.code.tex
File: tikzlibrarypositioning.code.tex 2023-01-15 v3.1.10 (3.1.10)
)
(C:\Users\catalin.butacu\AppData\Local\Programs\MiKTeX\tex/generic/pgf/frontend
layer/tikz/libraries\tikzlibrarydecorations.pathmorphing.code.tex
(C:\Users\catalin.butacu\AppData\Local\Programs\MiKTeX\tex/generic/pgf/frontend
layer/tikz/libraries\tikzlibrarydecorations.code.tex
(C:\Users\catalin.butacu\AppData\Local\Programs\MiKTeX\tex/generic/pgf/modules\
pgfmoduledecorations.code.tex
\pgfdecoratedcompleteddistance=\dimen309
\pgfdecoratedremainingdistance=\dimen310
\pgfdecoratedinputsegmentcompleteddistance=\dimen311
\pgfdecoratedinputsegmentremainingdistance=\dimen312
\pgf@decorate@distancetomove=\dimen313
\pgf@decorate@repeatstate=\count341
\pgfdecorationsegmentamplitude=\dimen314
\pgfdecorationsegmentlength=\dimen315
)
\tikz@lib@dec@box=\box84
)
(C:\Users\catalin.butacu\AppData\Local\Programs\MiKTeX\tex/generic/pgf/librarie
s/decorations\pgflibrarydecorations.pathmorphing.code.tex))
(C:\Users\catalin.butacu\AppData\Local\Programs\MiKTeX\tex/generic/pgf/frontend
layer/tikz/libraries\tikzlibrarypatterns.code.tex
File: tikzlibrarypatterns.code.tex 2023-01-15 v3.1.10 (3.1.10)

(C:\Users\catalin.butacu\AppData\Local\Programs\MiKTeX\tex/generic/pgf/librarie
s\pgflibrarypatterns.code.tex
File: pgflibrarypatterns.code.tex 2023-01-15 v3.1.10 (3.1.10)
))
(C:\Users\catalin.butacu\AppData\Local\Programs\MiKTeX\tex/generic/pgf/frontend
layer/tikz/libraries\tikzlibrarybackgrounds.code.tex
File: tikzlibrarybackgrounds.code.tex 2023-01-15 v3.1.10 (3.1.10)
\pgf@layerbox@background=\box85
\pgf@layerboxsaved@background=\box86
)
Package hyperref Info: Option `colorlinks' set `true' on input line 123.
)
LaTeX Font Info:    Trying to load font information for T1+lato-TLF on input li
ne 8.

(C:\Users\catalin.butacu\AppData\Local\Programs\MiKTeX\tex/latex/lato\t1lato-tl
f.fd
File: T1lato-TLF.fd 2019/06/24 Font definitions for T1/lato-TLF.
)
LaTeX Font Info:    Font shape `T1/lato-TLF/m/n' will be
(Font)              scaled to size 10.95pt on input line 8.
 (main.aux)
\openout1 = `main.aux'.

LaTeX Font Info:    Checking defaults for OML/cmm/m/it on input line 8.
LaTeX Font Info:    ... okay on input line 8.
LaTeX Font Info:    Checking defaults for OMS/cmsy/m/n on input line 8.
LaTeX Font Info:    ... okay on input line 8.
LaTeX Font Info:    Checking defaults for OT1/cmr/m/n on input line 8.
LaTeX Font Info:    ... okay on input line 8.
LaTeX Font Info:    Checking defaults for T1/cmr/m/n on input line 8.
LaTeX Font Info:    ... okay on input line 8.
LaTeX Font Info:    Checking defaults for TS1/cmr/m/n on input line 8.
LaTeX Font Info:    ... okay on input line 8.
LaTeX Font Info:    Checking defaults for OMX/cmex/m/n on input line 8.
LaTeX Font Info:    ... okay on input line 8.
LaTeX Font Info:    Checking defaults for U/cmr/m/n on input line 8.
LaTeX Font Info:    ... okay on input line 8.
LaTeX Font Info:    Checking defaults for PD1/pdf/m/n on input line 8.
LaTeX Font Info:    ... okay on input line 8.
LaTeX Font Info:    Checking defaults for PU/pdf/m/n on input line 8.
LaTeX Font Info:    ... okay on input line 8.
\c@mv@tabular=\count342
\c@mv@boldtabular=\count343

*geometry* driver: auto-detecting
*geometry* detected driver: pdftex
*geometry* verbose mode - [ preamble ] result:
* driver: pdftex
* paper: a4paper
* layout: <same size as paper>
* layoutoffset:(h,v)=(0.0pt,0.0pt)
* modes: 
* h-part:(L,W,R)=(71.13188pt, 455.24411pt, 71.13188pt)
* v-part:(T,H,B)=(68.28644pt, 708.47397pt, 68.28644pt)
* \paperwidth=597.50787pt
* \paperheight=845.04684pt
* \textwidth=455.24411pt
* \textheight=708.47397pt
* \oddsidemargin=-1.1381pt
* \evensidemargin=-1.1381pt
* \topmargin=-44.98355pt
* \headheight=16.0pt
* \headsep=25.0pt
* \topskip=11.0pt
* \footskip=30.0pt
* \marginparwidth=50.0pt
* \marginparsep=10.0pt
* \columnsep=10.0pt
* \skip\footins=10.0pt plus 4.0pt minus 2.0pt
* \hoffset=0.0pt
* \voffset=0.0pt
* \mag=1000
* \@twocolumnfalse
* \@twosidefalse
* \@mparswitchfalse
* \@reversemarginfalse
* (1in=72.27pt=25.4mm, 1cm=28.453pt)

LaTeX Info: Redefining \microtypecontext on input line 8.
Package microtype Info: Applying patch `item' on input line 8.
Package microtype Info: Applying patch `toc' on input line 8.
Package microtype Info: Applying patch `eqnum' on input line 8.
Package microtype Info: Applying patch `footnote' on input line 8.
Package microtype Info: Applying patch `verbatim' on input line 8.
LaTeX Info: Redefining \microtypesetup on input line 8.
Package microtype Info: Generating PDF output.
Package microtype Info: Character protrusion enabled (level 2).
Package microtype Info: Using default protrusion set `alltext'.
Package microtype Info: No font expansion.
Package microtype Info: No adjustment of tracking.
Package microtype Info: No adjustment of interword spacing.
Package microtype Info: No adjustment of character kerning.
Package microtype Info: Loading generic protrusion settings for font family
(microtype)             `lato-TLF' (encoding: T1).
(microtype)             For optimal results, create family-specific settings.
(microtype)             See the microtype manual for details.

(C:\Users\catalin.butacu\AppData\Local\Programs\MiKTeX\tex/context/base/mkii\su
pp-pdf.mkii
[Loading MPS to PDF converter (version 2006.09.02).]
\scratchcounter=\count344
\scratchdimen=\dimen316
\scratchbox=\box87
\nofMPsegments=\count345
\nofMParguments=\count346
\everyMPshowfont=\toks52
\MPscratchCnt=\count347
\MPscratchDim=\dimen317
\MPnumerator=\count348
\makeMPintoPDFobject=\count349
\everyMPtoPDFconversion=\toks53
)
(C:\Users\catalin.butacu\AppData\Local\Programs\MiKTeX\tex/latex/epstopdf-pkg\e
pstopdf-base.sty
Package: epstopdf-base 2020-01-24 v2.11 Base part for package epstopdf
Package epstopdf-base Info: Redefining graphics rule for `.eps' on input line 4
85.

(C:\Users\catalin.butacu\AppData\Local\Programs\MiKTeX\tex/latex/00miktex\epsto
pdf-sys.cfg
File: epstopdf-sys.cfg 2021/03/18 v2.0 Configuration of epstopdf for MiKTeX
))
\c@lstlisting=\count350
Package hyperref Info: Link coloring ON on input line 8.
 (main.out) (main.out)
\@outlinefile=\write4
\openout4 = `main.out'.



Package lettrine.sty Warning: File  loaded! on input line 8.

(C:\Users\catalin.butacu\AppData\Local\Programs\MiKTeX\tex/latex/tools\.tex
File ignored)
LaTeX Font Info:    Trying to load font information for T1+cmss on input line 4
2.

(C:\Users\catalin.butacu\AppData\Local\Programs\MiKTeX\tex/latex/base\t1cmss.fd
File: t1cmss.fd 2023/04/13 v2.5m Standard LaTeX font definitions
)
Package microtype Info: Loading generic protrusion settings for font family
(microtype)             `cmss' (encoding: T1).
(microtype)             For optimal results, create family-specific settings.
(microtype)             See the microtype manual for details.
LaTeX Font Info:    Trying to load font information for U+fontawesomefree3 on i
nput line 42.

(C:\Users\catalin.butacu\AppData\Local\Programs\MiKTeX\tex/latex/fontawesome5\u
fontawesomefree3.fd)
(C:\Users\catalin.butacu\AppData\Local\Programs\MiKTeX\tex/latex/microtype\mt-c
mr.cfg
File: mt-cmr.cfg 2013/05/19 v2.2 microtype config. file: Computer Modern Roman 
(RS)
)
LaTeX Font Info:    Trying to load font information for U+msa on input line 42.


(C:\Users\catalin.butacu\AppData\Local\Programs\MiKTeX\tex/latex/amsfonts\umsa.
fd
File: umsa.fd 2013/01/14 v3.01 AMS symbols A
)
(C:\Users\catalin.butacu\AppData\Local\Programs\MiKTeX\tex/latex/microtype\mt-m
sa.cfg
File: mt-msa.cfg 2006/02/04 v1.1 microtype config. file: AMS symbols (a) (RS)
)
LaTeX Font Info:    Trying to load font information for U+msb on input line 42.


(C:\Users\catalin.butacu\AppData\Local\Programs\MiKTeX\tex/latex/amsfonts\umsb.
fd
File: umsb.fd 2013/01/14 v3.01 AMS symbols B
)
(C:\Users\catalin.butacu\AppData\Local\Programs\MiKTeX\tex/latex/microtype\mt-m
sb.cfg
File: mt-msb.cfg 2005/06/01 v1.0 microtype config. file: AMS symbols (b) (RS)
)
LaTeX Font Info:    Trying to load font information for TS1+cmss on input line 
42.

(C:\Users\catalin.butacu\AppData\Local\Programs\MiKTeX\tex/latex/base\ts1cmss.f
d
File: ts1cmss.fd 2023/04/13 v2.5m Standard LaTeX font definitions
)
Package microtype Info: Loading generic protrusion settings for font family
(microtype)             `cmss' (encoding: TS1).
(microtype)             For optimal results, create family-specific settings.
(microtype)             See the microtype manual for details.


LaTeX Font Warning: Font shape `T1/cmss/m/n' in size <52> not available
(Font)              size <35.83> substituted on input line 43.


LaTeX Font Warning: Font shape `T1/cmss/bx/n' in size <52> not available
(Font)              size <35.83> substituted on input line 43.

LaTeX Font Info:    Font shape `T1/lato-TLF/m/n' will be
(Font)              scaled to size 180.0pt on input line 47.
LaTeX Font Info:    Trying to load font information for U+fontawesomefree0 on i
nput line 47.

(C:\Users\catalin.butacu\AppData\Local\Programs\MiKTeX\tex/latex/fontawesome5\u
fontawesomefree0.fd)
LaTeX Font Info:    Font shape `T1/lato-TLF/m/n' will be
(Font)              scaled to size 14.4pt on input line 64.
LaTeX Font Info:    Font shape `T1/lato-TLF/b/n' will be
(Font)              scaled to size 10.95pt on input line 65.
LaTeX Font Info:    Trying to load font information for U+fontawesomefree2 on i
nput line 73.

(C:\Users\catalin.butacu\AppData\Local\Programs\MiKTeX\tex/latex/fontawesome5\u
fontawesomefree2.fd)
LaTeX Font Info:    Trying to load font information for U+fontawesomefree1 on i
nput line 118.

(C:\Users\catalin.butacu\AppData\Local\Programs\MiKTeX\tex/latex/fontawesome5\u
fontawesomefree1.fd)
LaTeX Font Info:    Font shape `T1/lato-TLF/m/n' will be
(Font)              scaled to size 10.0pt on input line 125.
 [1

{C:/Users/catalin.butacu/AppData/Local/MiKTeX/fonts/map/pdftex/pdftex.map}{C:/U
sers/catalin.butacu/AppData/Local/Programs/MiKTeX/fonts/enc/dvips/fontawesome5/
fa5free0.enc}{C:/Users/catalin.butacu/AppData/Local/Programs/MiKTeX/fonts/enc/d
vips/fontawesome5/fa5free3.enc}{C:/Users/catalin.butacu/AppData/Local/Programs/
MiKTeX/fonts/enc/dvips/cm-super/cm-super-t1.enc}{C:/Users/catalin.butacu/AppDat
a/Local/Programs/MiKTeX/fonts/enc/dvips/cm-super/cm-super-ts1.enc}{C:/Users/cat
alin.butacu/AppData/Local/Programs/MiKTeX/fonts/enc/dvips/lato/a_cl4kdn.enc}{C:
/Users/catalin.butacu/AppData/Local/Programs/MiKTeX/fonts/enc/dvips/fontawesome
5/fa5free2.enc}{C:/Users/catalin.butacu/AppData/Local/Programs/MiKTeX/fonts/enc
/dvips/fontawesome5/fa5free1.enc}]
LaTeX Font Info:    Font shape `T1/lato-TLF/b/n' will be
(Font)              scaled to size 10.0pt on input line 141.
LaTeX Font Info:    Trying to load font information for TS1+lato-TLF on input l
ine 141.

(C:\Users\catalin.butacu\AppData\Local\Programs\MiKTeX\tex/latex/lato\ts1lato-t
lf.fd
File: TS1lato-TLF.fd 2019/06/24 Font definitions for TS1/lato-TLF.
)
LaTeX Font Info:    Font shape `TS1/lato-TLF/b/n' will be
(Font)              scaled to size 10.0pt on input line 141.
Package microtype Info: Loading generic protrusion settings for font family
(microtype)             `lato-TLF' (encoding: TS1).
(microtype)             For optimal results, create family-specific settings.
(microtype)             See the microtype manual for details.
LaTeX Font Info:    Font shape `T1/lato-TLF/m/n' will be
(Font)              scaled to size 9.0pt on input line 159.

pdfTeX warning (ext4): destination with the same identifier (name{page.1}) has 
been already used, duplicate ignored
<to be read again> 
                   \relax 
l.159 \clearpage
                 [1{C:/Users/catalin.butacu/AppData/Local/Programs/MiKTeX/fonts
/enc/dvips/lato/a_rt66h3.enc}]
LaTeX Font Info:    Calculating math sizes for size <30> on input line 164.


LaTeX Font Warning: Font shape `OT1/cmr/m/n' in size <30> not available
(Font)              size <24.88> substituted on input line 164.


LaTeX Font Warning: Font shape `OT1/cmr/m/n' in size <15> not available
(Font)              size <14.4> substituted on input line 164.


LaTeX Font Warning: Font shape `OML/cmm/m/it' in size <30> not available
(Font)              size <24.88> substituted on input line 164.


LaTeX Font Warning: Font shape `OML/cmm/m/it' in size <15> not available
(Font)              size <14.4> substituted on input line 164.


LaTeX Font Warning: Font shape `OMS/cmsy/m/n' in size <30> not available
(Font)              size <24.88> substituted on input line 164.


LaTeX Font Warning: Font shape `OMS/cmsy/m/n' in size <15> not available
(Font)              size <14.4> substituted on input line 164.


LaTeX Font Warning: Font shape `T1/cmss/bx/n' in size <15> not available
(Font)              size <14.4> substituted on input line 164.

LaTeX Font Info:    Font shape `T1/lato-TLF/m/it' will be
(Font)              scaled to size 10.0pt on input line 185.
LaTeX Font Info:    Font shape `T1/lato-TLF/m/n' will be
(Font)              scaled to size 5.0pt on input line 185.
LaTeX Font Info:    Font shape `T1/lato-TLF/m/n' will be
(Font)              scaled to size 6.0pt on input line 193.
LaTeX Font Info:    Trying to load font information for T1+cmtt on input line 2
11.

(C:\Users\catalin.butacu\AppData\Local\Programs\MiKTeX\tex/latex/base\t1cmtt.fd
File: t1cmtt.fd 2023/04/13 v2.5m Standard LaTeX font definitions
)
Package microtype Info: Loading generic protrusion settings for font family
(microtype)             `cmtt' (encoding: T1).
(microtype)             For optimal results, create family-specific settings.
(microtype)             See the microtype manual for details.
 [2

] (main.toc)
\tf@toc=\write5
\openout5 = `main.toc'.

 (01-html.tex [3

]
LaTeX Font Info:    Font shape `T1/lato-TLF/m/it' will be
(Font)              scaled to size 10.95pt on input line 9.
LaTeX Font Info:    Font shape `TS1/lato-TLF/b/n' will be
(Font)              scaled to size 10.95pt on input line 14.

Overfull \hbox (6.38014pt too wide) in paragraph at lines 42--43
\T1/lato-TLF/m/n/10.95 Un do-cu-ment HTML5 con-tine cinci ele-mente struc-tu-ra
le obli-ga-to-rii. Pe li-nia 1, de-cla-ra-tia []\T1/cmtt/m/n/10 <!DOCTYPE
 []

Package hyperref Info: bookmark level for unknown lstlisting defaults to 0 on i
nput line 44.
LaTeX Font Info:    Font shape `T1/cmtt/bx/n' in size <10> not available
(Font)              Font shape `T1/cmtt/m/n' tried instead on input line 45.
[4

]
Overfull \hbox (53.67567pt too wide) in paragraph at lines 89--90
[][]\T1/cmtt/m/n/10 <meta name="viewport"...>[] \T1/lato-TLF/m/n/10.95 ^^U con-
tro-leaza re-da-rea pe dis-po-zi-tive mo-bile. Va-loa-rea []\T1/cmtt/m/n/10 wid
th=device-width,
 []

[5] [6] [7] [8] [9]
LaTeX Font Info:    Font shape `T1/cmtt/bx/n' in size <10.95> not available
(Font)              Font shape `T1/cmtt/m/n' tried instead on input line 301.
 [10]
LaTeX Font Info:    Font shape `T1/lato-TLF/b/n' will be
(Font)              scaled to size 5.0pt on input line 369.

Underfull \hbox (badness 4739) in paragraph at lines 422--423
[]\T1/lato-TLF/m/it/10 MDN \T1/cmtt/m/it/10 <picture> \T1/lato-TLF/m/it/10 re-f
e-rence: [][]$\T1/cmtt/m/n/10 https : / / developer . mozilla . org / en-[]US /
 docs / Web / HTML /
 []


Underfull \hbox (badness 10000) in paragraph at lines 423--424
[]\T1/lato-TLF/m/it/10 web.dev Lazy load ima-ges: [][]$\T1/cmtt/m/n/10 https : 
/ / web . dev / articles /
 []

[11]
Underfull \hbox (badness 10000) in paragraph at lines 453--454
[]\U/fontawesomefree2/solid/n/10 Ç \T1/lato-TLF/m/n/10 Bo-nus: []\T1/cmtt/m/n/1
0 <picture>[] \T1/lato-TLF/m/n/10 pen-tru fa-ll-back AVI-F/We-b-P/-J-PEG, []\T1
/cmtt/m/n/10 loading="lazy"[] \T1/lato-TLF/m/n/10 +
 []

[12]
Overfull \hbox (53.59248pt too wide) in paragraph at lines 488--489
[][]$\T1/cmtt/m/n/10.95 https : / / www . theodinproject . com / paths / founda
tions / courses / foundations # html-[]foundations$[][] 
 []


Overfull \hbox (14.58765pt too wide) in paragraph at lines 492--493
[]\T1/lato-TLF/m/n/10.95 W3C. \T1/lato-TLF/m/it/10.95 Web Ac-ces-si-bi-lity Ini
-ti-a-tive ^^U WCAG\T1/lato-TLF/m/n/10.95 . [][]$\T1/cmtt/m/n/10.95 https : / /
 www . w3 . org / WAI / standards-[]guidelines /
 []

[13]) (02-css.tex [14]
pdfTeX warning (ext4): destination with the same identifier (name{section.1}) h
as been already used, duplicate ignored
<to be read again> 
                   \relax 
l.39 \section{Conectarea fisierului CSS la HTML}
                                                 [15

]
pdfTeX warning (ext4): destination with the same identifier (name{section.2}) h
as been already used, duplicate ignored
<to be read again> 
                   \relax 
l.64 \section{Selectori}
                         [16]
pdfTeX warning (ext4): destination with the same identifier (name{section.3}) h
as been already used, duplicate ignored
<to be read again> 
                   \relax 
l.122 \section{Modelul de cutie}
                                 [17]
pdfTeX warning (ext4): destination with the same identifier (name{section.4}) h
as been already used, duplicate ignored
<to be read again> 
                   \relax 
l.164 \section{Unitati de masura}
                                  [18]
pdfTeX warning (ext4): destination with the same identifier (name{section.5}) h
as been already used, duplicate ignored
<to be read again> 
                   \relax 
l.199 \section{Variabile CSS (custom properties)}
                                                  [19]
pdfTeX warning (ext4): destination with the same identifier (name{section.6}) h
as been already used, duplicate ignored
<to be read again> 
                   \relax 
l.241 ...ea \texttt{display} \textendash{} valori}
                                                  
LaTeX Font Info:    Font shape `T1/cmtt/bx/n' in size <14.4> not available
(Font)              Font shape `T1/cmtt/m/n' tried instead on input line 241.

pdfTeX warning (ext4): destination with the same identifier (name{section.7}) h
as been already used, duplicate ignored
<to be read again> 
                   \relax 
l.267 \section{Flexbox}
                       
pdfTeX warning (ext4): destination with the same identifier (name{subsection.7.
1}) has been already used, duplicate ignored
<to be read again> 
                   \relax 
l.282 ...{Cele 6 proprietati pe care le folosesti}
                                                   [20]
Overfull \hbox (48.69821pt too wide) in paragraph at lines 286--287
[][]\T1/cmtt/m/n/10 flex-direction[] \T1/lato-TLF/m/n/10.95 ^^U axa prin-ci-pal
a: []\T1/cmtt/m/n/10 row[] \T1/lato-TLF/m/n/10.95 (de-fa-ult, ori-zon-tal), []\
T1/cmtt/m/n/10 column[] \T1/lato-TLF/m/n/10.95 (ver-ti-cal), []\T1/cmtt/m/n/10 
row-reverse[]\T1/lato-TLF/m/n/10.95 , []\T1/cmtt/m/n/10 column-reverse[]\T1/lat
o-TLF/m/n/10.95 . 
 []


pdfTeX warning (ext4): destination with the same identifier (name{section.8}) h
as been already used, duplicate ignored
<to be read again> 
                   \relax 
l.334 \section{CSS Grid (introducere scurta)}
                                             
Overfull \hbox (6.25317pt too wide) in paragraph at lines 336--337
\T1/lato-TLF/m/n/10.95 Grid este sis-te-mul de la-yout bi-di-men-sio-nal al CSS
-ului. Spre de-o-se-bire de flex-box (uni-dimensional),
 []

[21]
pdfTeX warning (ext4): destination with the same identifier (name{section.9}) h
as been already used, duplicate ignored
<to be read again> 
                   \relax 
l.349 \section{Mobile-first}
                            
pdfTeX warning (ext4): destination with the same identifier (name{section.10}) 
has been already used, duplicate ignored
<to be read again> 
                   \relax 
l.389 ...Suport pentru tema sistem (light / dark)}
                                                   [22]
Underfull \hbox (badness 10000) in paragraph at lines 418--419
[]\T1/lato-TLF/m/n/10 ancora pen-tru
 []


Underfull \hbox (badness 10000) in paragraph at lines 451--451
[][]\T1/cmtt/m/n/10 content-box[] \T1/lato-TLF/m/n/10 (de-fa-ult),
 []


Underfull \hbox (badness 10000) in paragraph at lines 452--452
[][]\T1/cmtt/m/n/10 visible[] \T1/lato-TLF/m/n/10 (de-fa-ult), []\T1/cmtt/m/n/1
0 hidden[]\T1/lato-TLF/m/n/10 ,
 []


Underfull \hbox (badness 4316) in paragraph at lines 453--453
[][]\T1/cmtt/m/n/10 left[] \T1/lato-TLF/m/n/10 (de-fa-ult), []\T1/cmtt/m/n/10 c
enter[]\T1/lato-TLF/m/n/10 , []\T1/cmtt/m/n/10 right[]\T1/lato-TLF/m/n/10 ,
 []


Underfull \hbox (badness 1789) in paragraph at lines 454--454
[][]\T1/cmtt/m/n/10 auto[]\T1/lato-TLF/m/n/10 , []\T1/cmtt/m/n/10 pointer[]\T1/
lato-TLF/m/n/10 , []\T1/cmtt/m/n/10 default[]\T1/lato-TLF/m/n/10 , []\T1/cmtt/m
/n/10 text[]\T1/lato-TLF/m/n/10 ,
 []


Underfull \hbox (badness 10000) in paragraph at lines 455--455
[][]\T1/cmtt/m/n/10 normal[] \T1/lato-TLF/m/n/10 (400), []\T1/cmtt/m/n/10 bold[
] \T1/lato-TLF/m/n/10 (700),
 []


Underfull \hbox (badness 10000) in paragraph at lines 456--456
[][]\T1/cmtt/m/n/10 none[] \T1/lato-TLF/m/n/10 (de-fa-ult), []\T1/cmtt/m/n/10 u
ppercase[]\T1/lato-TLF/m/n/10 ,
 []


Underfull \hbox (badness 10000) in paragraph at lines 457--458
[]\T1/lato-TLF/m/n/10 Ascunde dar pas-treaza spa[]iul;
 []


Underfull \hbox (badness 10000) in paragraph at lines 458--459
[][]\T1/cmtt/m/n/10 none[] \T1/lato-TLF/m/n/10 dez-ac-ti-veaza click []i ho-ver

 []

[23] [24] [25] [26]
Overfull \hbox (6.51382pt too wide) in paragraph at lines 584--585
[]\T1/lato-TLF/m/n/10.95 Sintaxa shor-thand pen-tru ani-ma-tion: []\T1/cmtt/m/n
/10 animation: <nume> <durata> <timing> <delay> <iteratii>
 []


Overfull \hbox (7.92221pt too wide) in paragraph at lines 602--603
\T1/lato-TLF/m/n/10.95 Implicit, dupa ce ani-ma-tia se ter-mina, ele-men-tul re
-vine la sta-rea CSS ori-gi-nala. []\T1/cmtt/m/n/10 animation-fill-mode[]
 []

[27]
LaTeX Font Info:    Font shape `T1/lato-TLF/m/it' will be
(Font)              scaled to size 5.0pt on input line 672.

Underfull \hbox (badness 10000) in paragraph at lines 744--745
[]\T1/lato-TLF/m/n/10 Functii utile: []\T1/cmtt/m/n/10 blur(8px)[]\T1/lato-TLF/
m/n/10 , []\T1/cmtt/m/n/10 brightness(1.2)[]\T1/lato-TLF/m/n/10 , []\T1/cmtt/m/
n/10 contrast(1.1)[]\T1/lato-TLF/m/n/10 , []\T1/cmtt/m/n/10 grayscale(80%)[]\T1
/lato-TLF/m/n/10 ,
 []


Underfull \hbox (badness 5475) in paragraph at lines 744--745
[]\T1/cmtt/m/n/10 hue-rotate(15deg)[]\T1/lato-TLF/m/n/10 , []\T1/cmtt/m/n/10 dr
op-shadow(0 4px 8px rgba(0,0,0,0.2))[]\T1/lato-TLF/m/n/10 . Pot fi com-bi-nate 
prin
 []


Underfull \hbox (badness 10000) in paragraph at lines 795--796
[]\T1/lato-TLF/m/it/10 Animatable pro-per-ties: [][]$\T1/cmtt/m/n/10 https : / 
/ developer . mozilla . org / en-[]US / docs / Web / CSS / CSS _
 []


Underfull \hbox (badness 10000) in paragraph at lines 796--797
[]\T1/lato-TLF/m/it/10 Scroll-driven ani-ma-tions: [][]$\T1/cmtt/m/n/10 https :
 / / developer . chrome . com / docs / css-[]ui /
 []

[28] [29] [30] [31]
Overfull \hbox (6.31728pt too wide) in paragraph at lines 863--864
[]\T1/lato-TLF/m/n/10.95 Mozilla De-ve-lo-per Ne-twork. \T1/lato-TLF/m/it/10.95
 CSS re-fe-rence\T1/lato-TLF/m/n/10.95 . [][]$\T1/cmtt/m/n/10.95 https : / / de
veloper . mozilla . org / en-[]US / docs /
 []


Overfull \hbox (47.93411pt too wide) in paragraph at lines 867--868
[][]$\T1/cmtt/m/n/10.95 https : / / www . theodinproject . com / paths / founda
tions / courses / foundations # css-[]foundations$[][] 
 []

[32]) (03-js.tex [33]
pdfTeX warning (ext4): destination with the same identifier (name{section.1}) h
as been already used, duplicate ignored
<to be read again> 
                   \relax 
l.37 ...{Conectarea fisierului JavaScript la HTML}
                                                   [34

]
pdfTeX warning (ext4): destination with the same identifier (name{section.2}) h
as been already used, duplicate ignored
<to be read again> 
                   \relax 
l.58 \section{Declararea variabilelor}
                                      
pdfTeX warning (ext4): destination with the same identifier (name{subsection.2.
1}) has been already used, duplicate ignored
<to be read again> 
                   \relax 
l.70 ...ttt{var} si \texttt{let} / \texttt{const}}
                                                  
pdfTeX warning (ext4): destination with the same identifier (name{section.3}) h
as been already used, duplicate ignored
<to be read again> 
                   \relax 
l.99 \section{Tipuri primitive si compuse}
                                           [35]
pdfTeX warning (ext4): destination with the same identifier (name{subsection.3.
1}) has been already used, duplicate ignored
<to be read again> 
                   \relax 
l.118 ... egalitatii: \texttt{===} vs \texttt{==}}
                                                  
pdfTeX warning (ext4): destination with the same identifier (name{section.4}) h
as been already used, duplicate ignored
<to be read again> 
                   \relax 
l.141 ...ion{Functii: declaratie, expresie, arrow}
                                                   [36]
pdfTeX warning (ext4): destination with the same identifier (name{section.5}) h
as been already used, duplicate ignored
<to be read again> 
                   \relax 
l.166 ...tern-ul SELECT $\to$ LISTEN $\to$ CHANGE}
                                                  
pdfTeX warning (ext4): destination with the same identifier (name{section.6}) h
as been already used, duplicate ignored
<to be read again> 
                   \relax 
l.188 \section{Manipularea DOM-ului}
                                     [37]
pdfTeX warning (ext4): destination with the same identifier (name{section.7}) h
as been already used, duplicate ignored
<to be read again> 
                   \relax 
l.243 \section{Procesarea formularelor}
                                        [38]
Overfull \hbox (26.35966pt too wide) in paragraph at lines 261--262
\T1/lato-TLF/m/n/10.95 va-lo-rile dupa atri-bu-tul []\T1/cmtt/m/n/10 name[]\T1/
lato-TLF/m/n/10.95 ; []\T1/cmtt/m/n/10 Object.fromEntries(...)[] \T1/lato-TLF/m
/n/10.95 le con-ver-teste intr-un obiect uzual; []\T1/cmtt/m/n/10 form.reset()[
]
 []


pdfTeX warning (ext4): destination with the same identifier (name{section.8}) h
as been already used, duplicate ignored
<to be read again> 
                   \relax 
l.268 \section{Debugging si console}
                                    
pdfTeX warning (ext4): destination with the same identifier (name{section.9}) h
as been already used, duplicate ignored
<to be read again> 
                   \relax 
l.286 ...sh{} anima\textcommabelow{t}ii la scroll}
                                                   [39]
Overfull \hbox (8.49568pt too wide) in paragraph at lines 319--320
[][]\T1/cmtt/m/n/10 rootMargin[] \T1/lato-TLF/m/n/10.95 ^^U ex-tin-de/-con-trac
ta viewport-ul (ex. []\T1/cmtt/m/n/10 "0px 0px -100px 0px"[] \T1/lato-TLF/m/n/1
0.95 declan[]eaza cu 100px
 []

[40]
pdfTeX warning (ext4): destination with the same identifier (name{section.10}) 
has been already used, duplicate ignored
<to be read again> 
                   \relax 
l.350 ...a erorilor (\texttt{try}/\texttt{catch})}
                                                  
pdfTeX warning (ext4): destination with the same identifier (name{section.11}) 
has been already used, duplicate ignored
<to be read again> 
                   \relax 
l.369 \section{Erori frecvente}
                                [41]
Underfull \hbox (badness 10000) in paragraph at lines 587--588
[]\T1/lato-TLF/m/it/10 MDN In-ter-sec-tio-nOb-ser-ver: [][]$\T1/cmtt/m/n/10 htt
ps : / / developer . mozilla . org / en-[]US / docs / Web / API /
 []

[42] [43] [44] [45]
Underfull \hbox (badness 10000) in paragraph at lines 603--604
[]\T1/lato-TLF/m/it/10 Spot the is-sue: []\T1/cmtt/m/n/10 const btn = document.
querySelector('.cta');
 []

[46]
Overfull \hbox (59.25085pt too wide) in paragraph at lines 657--658
[][]$\T1/cmtt/m/n/10.95 https : / / www . theodinproject . com / paths / founda
tions / courses / foundations # javascript-[]basics$[][] 
 []

) (04-deploy.tex [47]
pdfTeX warning (ext4): destination with the same identifier (name{section.1}) h
as been already used, duplicate ignored
<to be read again> 
                   \relax 
l.33 \section{De ce git?}
                         
pdfTeX warning (ext4): destination with the same identifier (name{section.2}) h
as been already used, duplicate ignored
<to be read again> 
                   \relax 
l.45 \section{Modelul mental: trei zone}
                                         [48

]
pdfTeX warning (ext4): destination with the same identifier (name{section.3}) h
as been already used, duplicate ignored
<to be read again> 
                   \relax 
l.78 \section{Cele cinci comenzi de baza}
                                         
pdfTeX warning (ext4): destination with the same identifier (name{section.4}) h
as been already used, duplicate ignored
<to be read again> 
                   \relax 
l.99 \section{Comenzi de inspectie (read-only)}
                                                [49]
pdfTeX warning (ext4): destination with the same identifier (name{section.5}) h
as been already used, duplicate ignored
<to be read again> 
                   \relax 
l.113 \section{Configurarea GitHub Pages}
                                         
pdfTeX warning (ext4): destination with the same identifier (name{section.6}) h
as been already used, duplicate ignored
<to be read again> 
                   \relax 
l.128 \section{Workflow zilnic dupa primul push}
                                                
pdfTeX warning (ext4): destination with the same identifier (name{section.7}) h
as been already used, duplicate ignored
<to be read again> 
                   \relax 
l.142 \section{Convenii pentru mesajele de commit}
                                                   [50]
pdfTeX warning (ext4): destination with the same identifier (name{section.8}) h
as been already used, duplicate ignored
<to be read again> 
                   \relax 
l.168 \section{Fisierul .gitignore}
                                   
Overfull \hbox (12.25542pt too wide) in paragraph at lines 170--171
\T1/lato-TLF/m/n/10.95 Anumite fi-si-ere si di-rec-toare nu tre-buie sa ajunga 
in re-po-si-tory: de-pen-dinte in-sta-late ([]\T1/cmtt/m/n/10 node_modules/[]\T
1/lato-TLF/m/n/10.95 ),
 []


pdfTeX warning (ext4): destination with the same identifier (name{section.9}) h
as been already used, duplicate ignored
<to be read again> 
                   \relax 
l.201 \section{Probleme frecvente}
                                   [51] [52]
Overfull \hbox (51.43411pt too wide) in paragraph at lines 267--268
[][]$\T1/cmtt/m/n/10.95 https : / / docs . github . com / pages / configuring-[
]a-[]custom-[]domain-[]for-[]your-[]github-[]pages-[]site$[][] 
 []

) (05-seo.tex [53]
Underfull \hbox (badness 10000) in paragraph at lines 22--23
[]\U/fontawesomefree2/solid/n/10 Ç \T1/lato-TLF/m/it/10 Bo-nus self-study: \T1/
lato-TLF/m/n/10 ti-puri Schema.org (Ar-ti-cle, Bread-crum-bList, FAQ),
 []


pdfTeX warning (ext4): destination with the same identifier (name{section.1}) h
as been already used, duplicate ignored
<to be read again> 
                   \relax 
l.35 ...ion{Doua audiente, doua seturi de tag-uri}
                                                  
pdfTeX warning (ext4): destination with the same identifier (name{section.2}) h
as been already used, duplicate ignored
<to be read again> 
                   \relax 
l.43 ...tion{Metadate pentru motoarele de cautare}
                                                   [54

]
pdfTeX warning (ext4): destination with the same identifier (name{subsection.2.
1}) has been already used, duplicate ignored
<to be read again> 
                   \relax 
l.52 \subsection{Calitatea \texttt{<title>}}
                                            
LaTeX Font Info:    Font shape `T1/lato-TLF/m/it' will be
(Font)              scaled to size 6.0pt on input line 75.

pdfTeX warning (ext4): destination with the same identifier (name{section.3}) h
as been already used, duplicate ignored
<to be read again> 
                   \relax 
l.82 \section{Protocolul Open Graph}
                                     [55]
pdfTeX warning (ext4): destination with the same identifier (name{subsection.3.
1}) has been already used, duplicate ignored
<to be read again> 
                   \relax 
l.101 ...trangerea \texttt{og:image}: URL absolut}
                                                  
pdfTeX warning (ext4): destination with the same identifier (name{section.4}) h
as been already used, duplicate ignored
<to be read again> 
                   \relax 
l.124 \section{Twitter Card}
                            
pdfTeX warning (ext4): destination with the same identifier (name{section.5}) h
as been already used, duplicate ignored
<to be read again> 
                   \relax 
l.135 \section{Date structurate (JSON-LD)}
                                           [56]
pdfTeX warning (ext4): destination with the same identifier (name{section.6}) h
as been already used, duplicate ignored
<to be read again> 
                   \relax 
l.163 \section{URL-ul canonic}
                              
pdfTeX warning (ext4): destination with the same identifier (name{section.7}) h
as been already used, duplicate ignored
<to be read again> 
                   \relax 
l.174 \section{Mituri SEO}
                           [57]
pdfTeX warning (ext4): destination with the same identifier (name{section.8}) h
as been already used, duplicate ignored
<to be read again> 
                   \relax 
l.192 ....txt} \textendash{} ghideaza crawler-ele}
                                                  
Overfull \hbox (30.39029pt too wide) in paragraph at lines 194--195
[]\T1/cmtt/m/n/10 robots.txt[] \T1/lato-TLF/m/n/10.95 este un fi-sier text pla-
sat in ra-da-cina site-ului ([]\T1/cmtt/m/n/10 https://voluntar-best.github.io/
robots.txt[]\T1/lato-TLF/m/n/10.95 )
 []


Overfull \hbox (6.28522pt too wide) in paragraph at lines 207--208
[][]\T1/cmtt/m/n/10 Disallow: /admin/[] \T1/lato-TLF/m/n/10.95 (al-ter-na-tiv) 
^^U in-ter-zice anu-mite cai. Util pen-tru pa-gini in lu-cru, dashboard-
 []


pdfTeX warning (ext4): destination with the same identifier (name{section.9}) h
as been already used, duplicate ignored
<to be read again> 
                   \relax 
l.220 ...emap.xml} \textendash{} ce pagini exista}
                                                   [58]
pdfTeX warning (ext4): destination with the same identifier (name{section.10}) 
has been already used, duplicate ignored
<to be read again> 
                   \relax 
l.267 \section{Favicon}
                       
Overfull \hbox (18.37093pt too wide) in paragraph at lines 276--277
[]\T1/lato-TLF/m/n/10.95 Generarea unui fa-vi-con sim-plu se poate face cu ser-
vi-ciul [][]$\T1/cmtt/m/n/10.95 https : / / favicon . io / favicon-[]generator/
$[][]\T1/lato-TLF/m/n/10.95 ,
 []


Underfull \hbox (badness 10000) in paragraph at lines 404--405
[]\T1/lato-TLF/m/it/10 Generator JSON-LD vi-zual: [][]$\T1/cmtt/m/n/10 https : 
/ / technicalseo . com / tools /
 []

[59] [60] [61]
Underfull \hbox (badness 10000) in paragraph at lines 440--441
[]\U/fontawesomefree2/solid/n/10 Ç \T1/lato-TLF/m/n/10 Bo-nus: ti-puri Schema.o
rg (Ar-ti-cle, Bread-crum-bList, FAQ, Event),
 []

[62]
Underfull \hbox (badness 6775) in paragraph at lines 456--457
[]\T1/lato-TLF/m/n/10 Commit si push: []\T1/cmtt/m/n/10 git add .; git commit -
m "Adauga meta tags Open Graph"; git
 []


Overfull \hbox (3.29163pt too wide) in paragraph at lines 475--476
[]\T1/lato-TLF/m/n/10.95 Google. \T1/lato-TLF/m/it/10.95 Search Con-sole \T1/la
to-TLF/m/n/10.95 (in-de-xare ma-nu-ala). [][]$\T1/cmtt/m/n/10.95 https : / / se
arch . google . com / search-[]console$[][] 
 []


Overfull \hbox (36.73547pt too wide) in paragraph at lines 478--479
[]\T1/lato-TLF/m/n/10.95 X Inc. \T1/lato-TLF/m/it/10.95 Twit-ter Cards do-cu-me
n-ta-tion\T1/lato-TLF/m/n/10.95 . [][]$\T1/cmtt/m/n/10.95 https : / / developer
 . x . com / en / docs / twitter-[]for-[]websites /
 []

) (06-lighthouse.tex [63]
Underfull \hbox (badness 4254) in paragraph at lines 23--24
[]\U/fontawesomefree2/solid/n/10 Ç \T1/lato-TLF/m/it/10 Bo-nus self-study: \T1/
lato-TLF/m/n/10 mi-ni-fi-ca-tion, third-party scripts, ser-vice wor-ker, Li-gh-
tho-use CI,
 []


pdfTeX warning (ext4): destination with the same identifier (name{section.1}) h
as been already used, duplicate ignored
<to be read again> 
                   \relax 
l.36 \section{Categoriile de evaluare}
                                      
pdfTeX warning (ext4): destination with the same identifier (name{subsection.1.
1}) has been already used, duplicate ignored
<to be read again> 
                   \relax 
l.49 \subsection{Lab data vs field data}
                                         [64

]
pdfTeX warning (ext4): destination with the same identifier (name{section.2}) h
as been already used, duplicate ignored
<to be read again> 
                   \relax 
l.54 \section{Modalitati de executie}
                                     
pdfTeX warning (ext4): destination with the same identifier (name{subsection.2.
1}) has been already used, duplicate ignored
<to be read again> 
                   \relax 
l.56 ...ection{PageSpeed Insights (interfata web)}
                                                  
pdfTeX warning (ext4): destination with the same identifier (name{subsection.2.
2}) has been already used, duplicate ignored
<to be read again> 
                   \relax 
l.60 \subsection{Chrome DevTools (local)}
                                         
pdfTeX warning (ext4): destination with the same identifier (name{section.3}) h
as been already used, duplicate ignored
<to be read again> 
                   \relax 
l.69 \section{Structura raportului}
                                   
pdfTeX warning (ext4): destination with the same identifier (name{section.4}) h
as been already used, duplicate ignored
<to be read again> 
                   \relax 
l.81 \section{Probleme frecvente si remediere}
                                              
pdfTeX warning (ext4): destination with the same identifier (name{subsection.4.
1}) has been already used, duplicate ignored
<to be read again> 
                   \relax 
l.83 \subsection{Performance}
                              [65]
Overfull \hbox (24.52863pt too wide) in paragraph at lines 99--100
\T1/lato-TLF/m/n/10.95 nor-mal si 3:1 pen-tru text mare. Ve-ri-fi-care: [][]$\T
1/cmtt/m/n/10.95 https : / / webaim . org / resources / contrastchecker/$[][]\T
1/lato-TLF/m/n/10.95 . 
 []


pdfTeX warning (ext4): destination with the same identifier (name{section.5}) h
as been already used, duplicate ignored
<to be read again> 
                   \relax 
l.119 \section{Core Web Vitals}
                               
pdfTeX warning (ext4): destination with the same identifier (name{section.6}) h
as been already used, duplicate ignored
<to be read again> 
                   \relax 
l.130 \section{Optimizarea imaginilor}
                                      
pdfTeX warning (ext4): destination with the same identifier (name{subsection.6.
1}) has been already used, duplicate ignored
<to be read again> 
                   \relax 
l.134 \subsection{Format modern}
                                 [66]
pdfTeX warning (ext4): destination with the same identifier (name{section.7}) h
as been already used, duplicate ignored
<to be read again> 
                   \relax 
l.182 \section{Optimizarea fonturilor}
                                      
pdfTeX warning (ext4): destination with the same identifier (name{subsection.7.
1}) has been already used, duplicate ignored
<to be read again> 
                   \relax 
l.186 \subsection{\texttt{font-display: swap}}
                                               [67]
pdfTeX warning (ext4): destination with the same identifier (name{subsection.7.
2}) has been already used, duplicate ignored
<to be read again> 
                   \relax 
l.202 ...{\texttt{preload} pentru fonturi critice}
                                                  
pdfTeX warning (ext4): destination with the same identifier (name{section.8}) h
as been already used, duplicate ignored
<to be read again> 
                   \relax 
l.226 ...blocheaza prima afi\textcommabelow{s}are}
                                                   [68]
pdfTeX warning (ext4): destination with the same identifier (name{subsection.8.
1}) has been already used, duplicate ignored
<to be read again> 
                   \relax 
l.248 ...ode{defer} e default-ul pentru JS-ul tau}
                                                  
pdfTeX warning (ext4): destination with the same identifier (name{section.9}) h
as been already used, duplicate ignored
<to be read again> 
                   \relax 
l.266 ...natatiri suplimentare pentru Performance}
                                                  
pdfTeX warning (ext4): destination with the same identifier (name{subsection.9.
1}) has been already used, duplicate ignored
<to be read again> 
                   \relax 
l.268 \subsection{Preload pentru resurse critice}
                                                  [69] [70] [71]
Underfull \hbox (badness 6978) in paragraph at lines 426--427
[]\T1/lato-TLF/m/it/10 Pasul 3 (2 mi-nute). \T1/lato-TLF/m/n/10 Apli-ca-rea ace
-lu-iasi au-dit pe va-ri-anta de-ployata a folder-ului
 []


Underfull \hbox (badness 1173) in paragraph at lines 429--430
[]\T1/lato-TLF/b/n/10 Continuare in-de-pen-denta: \T1/lato-TLF/m/n/10 folder-ul
 []\T1/cmtt/m/n/10 01-broken[] \T1/lato-TLF/m/n/10 con-tine 10 pro-bleme do-cu-
men-tate in fi-si-e-rul
 []

[72]) (07-resurse.tex [73]
pdfTeX warning (ext4): destination with the same identifier (name{section.1}) h
as been already used, duplicate ignored
<to be read again> 
                   \relax 
l.14 \section{Roadmap pentru consolidare}
                                         
pdfTeX warning (ext4): destination with the same identifier (name{section.2}) h
as been already used, duplicate ignored
<to be read again> 
                   \relax 
l.33 ...mepad\ \ Aplicatii interactive (joculete)}
                                                   [74

]
pdfTeX warning (ext4): destination with the same identifier (name{section.3}) h
as been already used, duplicate ignored
<to be read again> 
                   \relax 
l.78 \section{\faBook\ \ Tutoriale structurate}
                                               
pdfTeX warning (ext4): destination with the same identifier (name{section.4}) h
as been already used, duplicate ignored
<to be read again> 
                   \relax 
l.98 ...{\faTrophy\ \ Pregatire pentru interviuri}
                                                  
Overfull \hbox (200.05176pt too wide) in paragraph at lines 101--103
[][]$\T1/cmtt/m/n/10.95 https : / / www . greatfrontend . com / blog / 50-[]mus
t-[]know-[]html-[]css-[]and-[]javascript-[]interview-[]questions-[]by-[]ex-[]in
terviewers$[][] 
 []

[75]
pdfTeX warning (ext4): destination with the same identifier (name{section.5}) h
as been already used, duplicate ignored
<to be read again> 
                   \relax 
l.110 \section{\faSearch\ \ Referinte de cautare}
                                                 
pdfTeX warning (ext4): destination with the same identifier (name{section.6}) h
as been already used, duplicate ignored
<to be read again> 
                   \relax 
l.122 \section{\faUsers\ \ Comunitati}
                                      
pdfTeX warning (ext4): destination with the same identifier (name{section.7}) h
as been already used, duplicate ignored
<to be read again> 
                   \relax 
l.132 \section{\faTools\ \ Tool-uri practice}
                                             
Overfull \hbox (14.2107pt too wide) in paragraph at lines 143--144
[]\T1/lato-TLF/b/n/10.95 Google We-b-fonts Hel-per \T1/lato-TLF/m/n/10.95 ^^U [
][]$\T1/cmtt/m/n/10.95 https : / / gwfh . mranftl . com$[][] \T1/lato-TLF/m/n/1
0.95 (self-hosting fon-turi cu []\T1/cmtt/m/n/10 font-display[]\T1/lato-TLF/m/n
/10.95 ). 
 []


pdfTeX warning (ext4): destination with the same identifier (name{section.8}) h
as been already used, duplicate ignored
<to be read again> 
                   \relax 
l.149 ...de \textcommabelow{t}intim dupa training}
                                                   [76]
Overfull \hbox (45.99129pt too wide) in paragraph at lines 154--157
[][]$\T1/cmtt/m/n/10.95 https : / / developer . chrome . com / docs / css-[]ui 
/ scroll-[]driven-[]animations$[][] \T1/lato-TLF/m/n/10.95 ^^U []\T1/cmtt/m/n/1
0 animation-timeline[] 
 []


Overfull \hbox (0.71716pt too wide) in paragraph at lines 157--161
[][]$\T1/cmtt/m/n/10.95 https : / / css-[]tricks . com / debouncing-[]throttlin
g-[]explained-[]examples/$[][] \T1/lato-TLF/m/n/10.95 ^^U de-bo-un-ce/-
 []

LaTeX Font Info:    Font shape `T1/lato-TLF/b/n' will be
(Font)              scaled to size 6.0pt on input line 165.

pdfTeX warning (ext4): destination with the same identifier (name{section.9}) h
as been already used, duplicate ignored
<to be read again> 
                   \relax 
l.172 ...ru cand te plictise\textcommabelow{s}ti)}
                                                   [77]
pdfTeX warning (ext4): destination with the same identifier (name{section.10}) 
has been already used, duplicate ignored
<to be read again> 
                   \relax 
l.214 ...a\textcommabelow{s}e\textcommabelow{s}ti}
                                                  ) (08-anexe.tex [78]
pdfTeX warning (ext4): destination with the same identifier (name{section.1}) h
as been already used, duplicate ignored
<to be read again> 
                   \relax 
l.12 \section{Glosar de termeni}
                                

Package enumitem Warning: Negative labelwidth. This does not make much
(enumitem)                sense, on input line 14.


Overfull \hbox (2.00539pt too wide) in paragraph at lines 17--18
\T1/lato-TLF/m/n/10.95 Sintaxa concisa pen-tru func-tii in Ja-vaS-cript: []\T1/
cmtt/m/n/10 (a, b) => a + b[]\T1/lato-TLF/m/n/10.95 . Se com-porta di-fe-rit fa
ta de []\T1/cmtt/m/n/10 function[]
 []

[79

]
Overfull \hbox (0.19423pt too wide) in paragraph at lines 38--39
\T1/lato-TLF/m/n/10.95 Standard ini-tiat de Fa-ce-book pen-tru pre-vi-zu-a-li-z
a-rea pa-gi-ni-lor pe re-tele so-ci-ale ([]\T1/cmtt/m/n/10 og:title[]\T1/lato-T
LF/m/n/10.95 , []\T1/cmtt/m/n/10 og:image[]\T1/lato-TLF/m/n/10.95 ,
 []

[80] [81]
pdfTeX warning (ext4): destination with the same identifier (name{section.2}) h
as been already used, duplicate ignored
<to be read again> 
                   \relax 
l.59 \section{Checklist de publicare}
                                      [82]
pdfTeX warning (ext4): destination with the same identifier (name{section.3}) h
as been already used, duplicate ignored
<to be read again> 
                   \relax 
l.125 \section{Erori comune si remediere}
                                          [83]) [84] (main.aux)
 ***********
LaTeX2e <2023-11-01> patch level 1
L3 programming layer <2024-01-04>
 ***********


LaTeX Font Warning: Size substitutions with differences
(Font)              up to 16.17pt have occurred.

Package rerunfilecheck Info: File `main.out' has not changed.
(rerunfilecheck)             Checksum: 1541487F1E8F23D1A0D4A2ACF8CE5108;1293.
 ) 
Here is how much of TeX's memory you used:
 39836 strings out of 474486
 804753 string characters out of 5739508
 2141542 words of memory out of 5000000
 60316 multiletter control sequences out of 15000+600000
 930986 words of font info for 165 fonts, out of 8000000 for 9000
 1141 hyphenation exceptions out of 8191
 106i,19n,110p,1195b,2235s stack positions out of 10000i,1000n,20000p,200000b,200000s
<C:/Users/catalin.butacu/AppData/Local/Programs/MiKTeX/fonts/type1/public/fon
tawesome5/FontAwesome5Free-Regular.pfb><C:/Users/catalin.butacu/AppData/Local/P
rograms/MiKTeX/fonts/type1/public/fontawesome5/FontAwesome5Free-Solid.pfb><C:/U
sers/catalin.butacu/AppData/Local/Programs/MiKTeX/fonts/type1/typoland/lato/Lat
o-Bold.pfb><C:/Users/catalin.butacu/AppData/Local/Programs/MiKTeX/fonts/type1/t
ypoland/lato/Lato-Italic.pfb><C:/Users/catalin.butacu/AppData/Local/Programs/Mi
KTeX/fonts/type1/typoland/lato/Lato-Regular.pfb><C:/Users/catalin.butacu/AppDat
a/Local/Programs/MiKTeX/fonts/type1/public/amsfonts/cm/cmmi10.pfb><C:/Users/cat
alin.butacu/AppData/Local/Programs/MiKTeX/fonts/type1/public/amsfonts/cm/cmsy10
.pfb><C:/Users/catalin.butacu/AppData/Local/Programs/MiKTeX/fonts/type1/public/
amsfonts/symbols/msam10.pfb><C:/Users/catalin.butacu/AppData/Local/Programs/MiK
TeX/fonts/type1/public/cm-super/sfit1000.pfb><C:/Users/catalin.butacu/AppData/L
ocal/Programs/MiKTeX/fonts/type1/public/cm-super/sfsi1000.pfb><C:/Users/catalin
.butacu/AppData/Local/Programs/MiKTeX/fonts/type1/public/cm-super/sfsi1200.pfb>
<C:/Users/catalin.butacu/AppData/Local/Programs/MiKTeX/fonts/type1/public/cm-su
per/sfss0800.pfb><C:/Users/catalin.butacu/AppData/Local/Programs/MiKTeX/fonts/t
ype1/public/cm-super/sfss0900.pfb><C:/Users/catalin.butacu/AppData/Local/Progra
ms/MiKTeX/fonts/type1/public/cm-super/sfss1000.pfb><C:/Users/catalin.butacu/App
Data/Local/Programs/MiKTeX/fonts/type1/public/cm-super/sfss1200.pfb><C:/Users/c
atalin.butacu/AppData/Local/Programs/MiKTeX/fonts/type1/public/cm-super/sfss248
8.pfb><C:/Users/catalin.butacu/AppData/Local/Programs/MiKTeX/fonts/type1/public
/cm-super/sfsx0800.pfb><C:/Users/catalin.butacu/AppData/Local/Programs/MiKTeX/f
onts/type1/public/cm-super/sfsx1000.pfb><C:/Users/catalin.butacu/AppData/Local/
Programs/MiKTeX/fonts/type1/public/cm-super/sfsx1095.pfb><C:/Users/catalin.buta
cu/AppData/Local/Programs/MiKTeX/fonts/type1/public/cm-super/sfsx1200.pfb><C:/U
sers/catalin.butacu/AppData/Local/Programs/MiKTeX/fonts/type1/public/cm-super/s
fsx1440.pfb><C:/Users/catalin.butacu/AppData/Local/Programs/MiKTeX/fonts/type1/
public/cm-super/sfsx2986.pfb><C:/Users/catalin.butacu/AppData/Local/Programs/Mi
KTeX/fonts/type1/public/cm-super/sfsx3583.pfb><C:/Users/catalin.butacu/AppData/
Local/Programs/MiKTeX/fonts/type1/public/cm-super/sftt1000.pfb><C:/Users/catali
n.butacu/AppData/Local/Programs/MiKTeX/fonts/type1/public/cm-super/sftt1095.pfb
><C:/Users/catalin.butacu/AppData/Local/Programs/MiKTeX/fonts/type1/public/cm-s
uper/sftt1440.pfb>
Output written on main.pdf (85 pages, 1078041 bytes).
PDF statistics:
 1991 PDF objects out of 2073 (max. 8388607)
 1106 named destinations out of 1200 (max. 500000)
 28387 words of extra memory for PDF output out of 29859 (max. 10000000)

